09:04:38.927 [main                     ] DEBUG Logger               - Configured Logger
09:04:38.944 [main                     ] DEBUG GameApplication      - Logging settings
Title: Overtale
Version: 0.1
Width: 800
Height: 600
Fullscreen: true
Intro: false
Profiling: false
Single step:false
App Mode: DEVELOPER
Menu Key: ESCAPE
Stage Style: DECORATED
Scene Factory: class com.almasb.fxgl.app.scene.SceneFactory

09:04:39.622 [JavaFX Application Thread] DEBUG FXGLApplication      - Initializing FXGL
09:04:39.629 [JavaFX Application Thread] INFO  Engine               - FXGL-17.3 (30.03.2023 11.49) on LINUX (J:25.0.1 FX:21.0.6)
09:04:39.630 [JavaFX Application Thread] DEBUG Engine               - JRE Vendor Name: Oracle Corporation
09:04:39.631 [JavaFX Application Thread] DEBUG Engine               - Running on OS: Linux version 6.19.10-1-cachyos
09:04:39.632 [JavaFX Application Thread] DEBUG Engine               - Architecture: amd64
09:04:39.632 [JavaFX Application Thread] INFO  Engine               - Source code and latest versions at: https://github.com/AlmasB/FXGL
09:04:39.635 [JavaFX Application Thread] INFO  Engine               -       Ask questions and discuss at: https://github.com/AlmasB/FXGL/discussions
09:04:39.635 [JavaFX Application Thread] INFO  Engine               -              Join the FXGL chat at: https://gitter.im/AlmasB/FXGL
09:04:39.795 [JavaFX Application Thread] DEBUG PrimaryStageWindow   - Creating a JavaFX scene
09:04:40.045 [JavaFX Application Thread] DEBUG PrimaryStageWindow   - Target settings size: 800.0 x 600.0
09:04:40.046 [JavaFX Application Thread] DEBUG PrimaryStageWindow   - Scaled scene size:    800.0 x 600.0
09:04:40.046 [JavaFX Application Thread] DEBUG PrimaryStageWindow   - Scaled ratio: (1.0, 1.0)
09:04:40.049 [JavaFX Application Thread] DEBUG PrimaryStageWindow   - Set initial scene to FXGLStartupScene
09:04:40.059 [JavaFX Application Thread] DEBUG PrimaryStageWindow   - Opening main window
09:04:40.142 [JavaFX Application Thread] DEBUG PrimaryStageWindow   - Window border size: (0.0, 35.0)
09:04:40.143 [JavaFX Application Thread] DEBUG PrimaryStageWindow   - Scaled size: 800.0 x 565.0
09:04:40.143 [JavaFX Application Thread] DEBUG PrimaryStageWindow   - Scaled ratio: (1.0, 0.9416666666666667)
09:04:40.143 [JavaFX Application Thread] DEBUG PrimaryStageWindow   - Scene size: 800.0 x 600.0
09:04:40.143 [JavaFX Application Thread] DEBUG PrimaryStageWindow   - Stage size: 800.0 x 600.0
09:04:40.146 [JavaFX Application Thread] DEBUG PrimaryStageWindow   - Going fullscreen
09:04:40.157 [FXGL Background Thread 1 ] DEBUG Engine               - Initializing environment variables
09:04:40.388 [FXGL Background Thread 1 ] DEBUG FXGLAssetLoaderServi - User app class for loading assets: class at.htl.overtale.GameApp
09:04:40.390 [FXGL Background Thread 1 ] DEBUG GameApplicationServi - Applying CSS: fxgl_dark.css
09:04:40.393 [FXGL Background Thread 1 ] DEBUG FXGLAssetLoaderServi - Loading from file system: jar:file:///home/daniel/.m2/repository/com/github/almasb/fxgl/17.3/fxgl-17.3.jar!/fxglassets/ui/css/fxgl_dark.css
09:04:40.731 [FXGL Background Thread 1 ] DEBUG GameApplicationServi - Initializing application scenes
09:04:40.893 [FXGL Background Thread 1 ] DEBUG GameWorld            - Game world initialized
09:04:40.944 [FXGL Background Thread 1 ] DEBUG PhysicsWorld         - Physics world initialized: appHeight=600, physics.ppm=50.0
09:04:40.944 [FXGL Background Thread 1 ] DEBUG PhysicsWorld         - Using strategy: BRUTE_FORCE
09:04:40.949 [FXGL Background Thread 1 ] DEBUG GameScene            - Game scene initialized: 800x600
09:04:40.961 [FXGL Background Thread 1 ] DEBUG FXGL.DefaultMenu     - createMenuBodyGameMenu()
09:04:40.978 [FXGL Background Thread 1 ] DEBUG FXGL.DefaultMenu     - createOptionsMenu()
09:04:40.992 [FXGL Background Thread 1 ] DEBUG FXGLAssetLoaderServi - Loading from file system: jar:file:///home/daniel/.m2/repository/com/github/almasb/fxgl/17.3/fxgl-17.3.jar!/fxglassets/textures/particles/smoke.png
09:04:41.101 [FXGL Background Thread 1 ] DEBUG FXGLAssetLoaderServi - Loading from file system: jar:file:///home/daniel/.m2/repository/com/github/almasb/fxgl/17.3/fxgl-17.3.jar!/fxglassets/textures/particles/trace_horizontal.png
09:04:41.138 [FXGL Background Thread 1 ] DEBUG GameApplicationServi - Application scenes initialized
09:04:41.154 [FXGL Background Thread 1 ] DEBUG SystemBundleService  - Loading FXGL system data
09:04:41.156 [FXGL Background Thread 1 ] DEBUG FileSystemAccess     - Reading from: /home/daniel/IdeaProjects/Overtale/system/fxgl.bundle
09:04:41.159 [FXGL Background Thread 1 ] DEBUG SystemBundleService  - Bundle FXGL: {}
09:04:41.159 [FXGL Background Thread 1 ] DEBUG UpdaterService       - Checking for updates
09:04:41.165 [FXGL Background Thread 4 ] DEBUG FXGLApplication      - Loading fonts
09:04:41.166 [FXGL Background Thread 4 ] DEBUG FXGLAssetLoaderServi - Loading from file system: jar:file:///home/daniel/.m2/repository/com/github/almasb/fxgl/17.3/fxgl-17.3.jar!/fxglassets/ui/fonts/VarelaRound-Regular.ttf
09:04:41.166 [FXGL Background Thread 1 ] DEBUG FXGLApplication      - Loading default localization
09:04:41.166 [FXGL Background Thread 1 ] DEBUG FXGLAssetLoaderServi - Loading from file system: jar:file:///home/daniel/.m2/repository/com/github/almasb/fxgl/17.3/fxgl-17.3.jar!/fxglassets/languages/english.lang
09:04:41.174 [FXGL Background Thread 4 ] DEBUG FXGLAssetLoaderServi - Loading from file system: jar:file:///home/daniel/.m2/repository/com/github/almasb/fxgl/17.3/fxgl-17.3.jar!/fxglassets/ui/fonts/Abel-Regular.ttf
09:04:41.177 [FXGL Background Thread 4 ] DEBUG FXGLAssetLoaderServi - Loading from file system: jar:file:///home/daniel/.m2/repository/com/github/almasb/fxgl/17.3/fxgl-17.3.jar!/fxglassets/ui/fonts/TerminalLandMono-Regular.otf
09:04:41.180 [FXGL Background Thread 4 ] DEBUG FXGLAssetLoaderServi - Loading from file system: jar:file:///home/daniel/.m2/repository/com/github/almasb/fxgl/17.3/fxgl-17.3.jar!/fxglassets/ui/fonts/Courier-Prime.ttf
09:04:41.186 [JavaFX Application Thread] DEBUG FXGLApplication      - Registering font factories with UI factory
09:04:41.187 [FXGL Background Thread 1 ] INFO  FXGLApplication      - FXGL initialization took: 1.029 sec
09:04:41.204 [JavaFX Application Thread] DEBUG Input                - Registered new binding: action0 - W
09:04:41.205 [JavaFX Application Thread] DEBUG Input                - Registered new binding: action1 - S
09:04:41.206 [JavaFX Application Thread] DEBUG Input                - Registered new binding: action2 - D
09:04:41.209 [JavaFX Application Thread] DEBUG Input                - Registered new binding: action3 - A
09:04:41.210 [JavaFX Application Thread] DEBUG Input                - Registered new binding: action4 - Up
09:04:41.211 [JavaFX Application Thread] DEBUG Input                - Registered new binding: action5 - Down
09:04:41.212 [JavaFX Application Thread] DEBUG Input                - Registered new binding: action6 - Left
09:04:41.212 [JavaFX Application Thread] DEBUG Input                - Registered new binding: action7 - Right
09:04:41.213 [JavaFX Application Thread] DEBUG Input                - Registered new binding: action8 - X
09:04:41.214 [JavaFX Application Thread] DEBUG Input                - Registered new binding: action9 - Q
09:04:41.228 [JavaFX Application Thread] DEBUG Input                - Registered new binding: action10 - Z
09:04:41.229 [JavaFX Application Thread] DEBUG Input                - Registered new binding: action11 - E
09:04:41.230 [JavaFX Application Thread] DEBUG FXGLAssetLoaderServi - Loading from file system: jar:file:///home/daniel/.m2/repository/com/github/almasb/fxgl/17.3/fxgl-17.3.jar!/fxglassets/textures/fxgl_icon.png
09:04:41.267 [JavaFX Application Thread] DEBUG FXGLAssetLoaderServi - Loading from file system: jar:file:///home/daniel/.m2/repository/com/github/almasb/fxgl/17.3/fxgl-17.3.jar!/fxglassets/textures/fxgl_default_cursor.png
09:04:41.271 [JavaFX Application Thread] DEBUG Input                - Registered new binding: Screenshot - CTRL+8
09:04:41.271 [JavaFX Application Thread] DEBUG Input                - Registered new binding: System info dump - CTRL+9
09:04:41.272 [JavaFX Application Thread] DEBUG Input                - Registered new binding: Restart - CTRL+R
09:04:41.273 [JavaFX Application Thread] DEBUG Input                - Registered new binding: Toggle Debug Camera - CTRL+7
09:04:41.276 [JavaFX Application Thread] DEBUG LoopRunner           - Starting loop
09:04:41.277 [JavaFX Application Thread] DEBUG LoopRunner           - Initializing JavaFX AnimationTimerLoop
09:04:41.278 [JavaFX Application Thread] DEBUG GameApplicationServi - Starting new game
09:04:41.279 [JavaFX Application Thread] DEBUG Input                - Clearing active input actions
09:04:41.296 [JavaFX Application Thread] DEBUG GameApplicationServi - Removing overlay from FXGLStartupScene and adding to FXGLLoadingScene
09:04:41.297 [JavaFX Application Thread] DEBUG PrimaryStageWindow   - FXGLStartupScene -> FXGLLoadingScene
09:04:41.297 [JavaFX Application Thread] DEBUG GameApplicationServi - Clearing previous game
09:04:41.297 [JavaFX Application Thread] DEBUG GameScene            - Clearing game scene
09:04:41.298 [JavaFX Application Thread] DEBUG GameWorld            - Clearing game world
09:04:41.298 [JavaFX Application Thread] DEBUG PhysicsWorld         - Clearing physics world
09:04:41.303 [FXGL Background Thread 1 ] DEBUG FXGLApplication      - Initializing game
09:04:41.363 [FXGL Background Thread 1 ] WARN  TMXLevelLoader       - TiledMap generated from 1.12.1. Supported version: 1.9.0. Some features may not be parsed fully.
09:04:41.374 [FXGL Background Thread 1 ] DEBUG TMXLevelLoader       - Parsed TiledMap: file:/home/daniel/IdeaProjects/Overtale/target/classes/assets/levels/TestMap1.tmx
09:04:41.376 [FXGL Background Thread 1 ] DEBUG TMXLevelLoader       - Creating tile layer entities
09:04:41.380 [FXGL Background Thread 1 ] DEBUG TilesetLoader        - Loading view for layer Tile Layer 1
09:04:41.384 [FXGL Background Thread 1 ] DEBUG TilesetLoader        - Created buffer with size 960.0x960.0
09:04:41.386 [FXGL Background Thread 1 ] DEBUG TilesetLoader        - Loading view for layer path_layer
09:04:41.388 [FXGL Background Thread 1 ] DEBUG TilesetLoader        - Created buffer with size 960.0x960.0
09:04:41.392 [FXGL Background Thread 1 ] WARN  TilesetLoader        - path_tiles.png cannot be loaded using mapURL=file:/home/daniel/IdeaProjects/Overtale/target/classes/assets/levels/TestMap1.tmx
java.io.FileNotFoundException: /home/daniel/IdeaProjects/Overtale/target/classes/assets/levels/path_tiles.png (No such file or directory)
	at java.base/java.io.FileInputStream.open0(Native Method)
	at java.base/java.io.FileInputStream.open(FileInputStream.java:185)
	at java.base/java.io.FileInputStream.<init>(FileInputStream.java:139)
	at java.base/java.io.FileInputStream.<init>(FileInputStream.java:109)
	at java.base/sun.net.www.protocol.file.FileURLConnection.connect(FileURLConnection.java:86)
	at java.base/sun.net.www.protocol.file.FileURLConnection.getInputStream(FileURLConnection.java:183)
	at java.base/java.net.URL.openStream(URL.java:1263)
	at com.almasb.fxgl.entity@17.3/com.almasb.fxgl.entity.level.tiled.TilesetLoader.loadImage(TilesetLoader.kt:426)
	at com.almasb.fxgl.entity@17.3/com.almasb.fxgl.entity.level.tiled.TilesetLoader.loadView(TilesetLoader.kt:133)
	at com.almasb.fxgl.entity@17.3/com.almasb.fxgl.entity.level.tiled.TMXLevelLoader$createTileLayerEntities$1.invoke(TMXLevelLoader.kt:100)
	at com.almasb.fxgl.entity@17.3/com.almasb.fxgl.entity.level.tiled.TMXLevelLoader$createTileLayerEntities$1.invoke(TMXLevelLoader.kt:89)
	at com.almasb.fxgl.entity@17.3/com.almasb.fxgl.entity.level.tiled.TMXLevelLoader.createTileLayerEntities$lambda$3(TMXLevelLoader.kt:89)
	at java.base/java.util.stream.ReferencePipeline$3$1.accept(ReferencePipeline.java:214)
	at java.base/java.util.ArrayList$ArrayListSpliterator.forEachRemaining(ArrayList.java:1716)
	at java.base/java.util.stream.AbstractPipeline.copyInto(AbstractPipeline.java:570)
	at java.base/java.util.stream.AbstractPipeline.wrapAndCopyInto(AbstractPipeline.java:560)
	at java.base/java.util.stream.ReduceOps$ReduceOp.evaluateSequential(ReduceOps.java:921)
	at java.base/java.util.stream.AbstractPipeline.evaluate(AbstractPipeline.java:265)
	at java.base/java.util.stream.ReferencePipeline.collect(ReferencePipeline.java:723)
	at com.almasb.fxgl.entity@17.3/com.almasb.fxgl.entity.level.tiled.TMXLevelLoader.createTileLayerEntities(TMXLevelLoader.kt:117)
	at com.almasb.fxgl.entity@17.3/com.almasb.fxgl.entity.level.tiled.TMXLevelLoader.load(TMXLevelLoader.kt:58)
	at com.almasb.fxgl.all@17.3/com.almasb.fxgl.app.services.FXGLAssetLoaderService.loadLevel(FXGLAssetLoaderService.kt:430)
	at com.almasb.fxgl.all@17.3/com.almasb.fxgl.dsl.FXGL$Companion.setLevelFromMap(FXGL.kt:634)
	at com.almasb.fxgl.all@17.3/com.almasb.fxgl.dsl.FXGL.setLevelFromMap(FXGL.kt)
	at at.htl.overtale@1.0-SNAPSHOT/at.htl.overtale.GameApp.initGame(GameApp.java:233)
	at com.almasb.fxgl.all@17.3/com.almasb.fxgl.app.FXGLApplication$InitAppTask.initGame(FXGLApplication.kt:339)
	at com.almasb.fxgl.all@17.3/com.almasb.fxgl.app.FXGLApplication$InitAppTask.call(FXGLApplication.kt:319)
	at com.almasb.fxgl.all@17.3/com.almasb.fxgl.app.FXGLApplication$InitAppTask.call(FXGLApplication.kt:311)
	at javafx.graphics@21.0.6/javafx.concurrent.Task$TaskCallable.call(Task.java:1399)
	at java.base/java.util.concurrent.FutureTask.run(FutureTask.java:328)
	at java.base/java.util.concurrent.Executors$RunnableAdapter.call(Executors.java:545)
	at java.base/java.util.concurrent.FutureTask.run(FutureTask.java:328)
	at java.base/java.util.concurrent.ThreadPoolExecutor.runWorker(ThreadPoolExecutor.java:1090)
	at java.base/java.util.concurrent.ThreadPoolExecutor$Worker.run(ThreadPoolExecutor.java:614)
	at java.base/java.lang.Thread.run(Thread.java:1474)

09:04:41.520 [FXGL Background Thread 1 ] DEBUG TMXLevelLoader       - Creating object layer entities
09:04:41.520 [FXGL Background Thread 1 ] DEBUG GameWorld            - Clearing removable entities
09:04:41.521 [FXGL Background Thread 1 ] DEBUG GameWorld            - Setting level: com.almasb.fxgl.entity.level.Level@2469ef1d
09:04:41.575 [FXGL Background Thread 1 ] INFO  FXGLApplication      - Game initialization took: 0.272 sec
09:04:41.588 [JavaFX Application Thread] DEBUG Input                - Clearing active input actions
09:04:41.608 [JavaFX Application Thread] DEBUG GameApplicationServi - Removing overlay from FXGLLoadingScene and adding to GameScene
09:04:41.608 [JavaFX Application Thread] DEBUG PrimaryStageWindow   - FXGLLoadingScene -> GameScene
09:04:42.053 [FXGL Background Thread 2 ] INFO  UpdaterService       - Your current version:  17.3
09:04:42.053 [FXGL Background Thread 2 ] INFO  UpdaterService       - Latest stable version: 25
09:04:43.061 [JavaFX Application Thread] DEBUG FXGLApplication      - Exiting FXGL
09:04:43.061 [JavaFX Application Thread] DEBUG LoopRunner           - Stopping loop
09:04:43.061 [JavaFX Application Thread] DEBUG SystemBundleService  - Saving FXGL system data
09:04:43.064 [JavaFX Application Thread] DEBUG FileSystemAccess     - Writing to: /home/daniel/IdeaProjects/Overtale/system/fxgl.bundle
09:04:43.065 [JavaFX Application Thread] DEBUG Async                - Shutting down background threads
09:04:43.066 [JavaFX Application Thread] DEBUG PrimaryStageWindow   - Closing main window
09:04:43.073 [JavaFX Application Thread] DEBUG Logger               - Closing Logger
