09:03:35.321 [main                     ] DEBUG Logger               - Configured Logger
09:03:35.338 [main                     ] DEBUG GameApplication      - Logging settings
Title: Overtale
Version: 0.1
Width: 800
Height: 600
Fullscreen: true
Intro: false
Profiling: false
Single step:false
App Mode: DEVELOPER
Menu Key: ESCAPE
Stage Style: DECORATED
Scene Factory: class com.almasb.fxgl.app.scene.SceneFactory

09:03:35.818 [JavaFX Application Thread] DEBUG FXGLApplication      - Initializing FXGL
09:03:35.822 [JavaFX Application Thread] INFO  Engine               - FXGL-17.3 (30.03.2023 11.49) on LINUX (J:25.0.1 FX:21.0.6)
09:03:35.822 [JavaFX Application Thread] DEBUG Engine               - JRE Vendor Name: Oracle Corporation
09:03:35.822 [JavaFX Application Thread] DEBUG Engine               - Running on OS: Linux version 6.19.10-1-cachyos
09:03:35.822 [JavaFX Application Thread] DEBUG Engine               - Architecture: amd64
09:03:35.822 [JavaFX Application Thread] INFO  Engine               - Source code and latest versions at: https://github.com/AlmasB/FXGL
09:03:35.823 [JavaFX Application Thread] INFO  Engine               -       Ask questions and discuss at: https://github.com/AlmasB/FXGL/discussions
09:03:35.823 [JavaFX Application Thread] INFO  Engine               -              Join the FXGL chat at: https://gitter.im/AlmasB/FXGL
09:03:35.951 [JavaFX Application Thread] DEBUG PrimaryStageWindow   - Creating a JavaFX scene
09:03:36.136 [JavaFX Application Thread] DEBUG PrimaryStageWindow   - Target settings size: 800.0 x 600.0
09:03:36.136 [JavaFX Application Thread] DEBUG PrimaryStageWindow   - Scaled scene size:    800.0 x 600.0
09:03:36.136 [JavaFX Application Thread] DEBUG PrimaryStageWindow   - Scaled ratio: (1.0, 1.0)
09:03:36.138 [JavaFX Application Thread] DEBUG PrimaryStageWindow   - Set initial scene to FXGLStartupScene
09:03:36.142 [JavaFX Application Thread] DEBUG PrimaryStageWindow   - Opening main window
09:03:36.203 [JavaFX Application Thread] DEBUG PrimaryStageWindow   - Window border size: (0.0, 35.0)
09:03:36.203 [JavaFX Application Thread] DEBUG PrimaryStageWindow   - Scaled size: 800.0 x 565.0
09:03:36.203 [JavaFX Application Thread] DEBUG PrimaryStageWindow   - Scaled ratio: (1.0, 0.9416666666666667)
09:03:36.203 [JavaFX Application Thread] DEBUG PrimaryStageWindow   - Scene size: 800.0 x 600.0
09:03:36.203 [JavaFX Application Thread] DEBUG PrimaryStageWindow   - Stage size: 800.0 x 600.0
09:03:36.204 [JavaFX Application Thread] DEBUG PrimaryStageWindow   - Going fullscreen
09:03:36.210 [FXGL Background Thread 1 ] DEBUG Engine               - Initializing environment variables
09:03:36.376 [FXGL Background Thread 1 ] DEBUG FXGLAssetLoaderServi - User app class for loading assets: class at.htl.overtale.GameApp
09:03:36.382 [FXGL Background Thread 1 ] DEBUG GameApplicationServi - Applying CSS: fxgl_dark.css
09:03:36.386 [FXGL Background Thread 1 ] DEBUG FXGLAssetLoaderServi - Loading from file system: jar:file:///home/daniel/.m2/repository/com/github/almasb/fxgl/17.3/fxgl-17.3.jar!/fxglassets/ui/css/fxgl_dark.css
09:03:36.604 [FXGL Background Thread 1 ] DEBUG GameApplicationServi - Initializing application scenes
09:03:36.867 [FXGL Background Thread 1 ] DEBUG GameWorld            - Game world initialized
09:03:36.917 [FXGL Background Thread 1 ] DEBUG PhysicsWorld         - Physics world initialized: appHeight=600, physics.ppm=50.0
09:03:36.917 [FXGL Background Thread 1 ] DEBUG PhysicsWorld         - Using strategy: BRUTE_FORCE
09:03:36.921 [FXGL Background Thread 1 ] DEBUG GameScene            - Game scene initialized: 800x600
09:03:36.932 [FXGL Background Thread 1 ] DEBUG FXGL.DefaultMenu     - createMenuBodyGameMenu()
09:03:36.947 [FXGL Background Thread 1 ] DEBUG FXGL.DefaultMenu     - createOptionsMenu()
09:03:36.956 [FXGL Background Thread 1 ] DEBUG FXGLAssetLoaderServi - Loading from file system: jar:file:///home/daniel/.m2/repository/com/github/almasb/fxgl/17.3/fxgl-17.3.jar!/fxglassets/textures/particles/smoke.png
09:03:37.040 [FXGL Background Thread 1 ] DEBUG FXGLAssetLoaderServi - Loading from file system: jar:file:///home/daniel/.m2/repository/com/github/almasb/fxgl/17.3/fxgl-17.3.jar!/fxglassets/textures/particles/trace_horizontal.png
09:03:37.068 [FXGL Background Thread 1 ] DEBUG GameApplicationServi - Application scenes initialized
09:03:37.077 [FXGL Background Thread 1 ] DEBUG SystemBundleService  - Loading FXGL system data
09:03:37.078 [FXGL Background Thread 1 ] DEBUG FileSystemAccess     - Reading from: /home/daniel/IdeaProjects/Overtale/system/fxgl.bundle
09:03:37.081 [FXGL Background Thread 1 ] DEBUG SystemBundleService  - Bundle FXGL: {}
09:03:37.081 [FXGL Background Thread 1 ] DEBUG UpdaterService       - Checking for updates
09:03:37.084 [FXGL Background Thread 4 ] DEBUG FXGLApplication      - Loading fonts
09:03:37.085 [FXGL Background Thread 4 ] DEBUG FXGLAssetLoaderServi - Loading from file system: jar:file:///home/daniel/.m2/repository/com/github/almasb/fxgl/17.3/fxgl-17.3.jar!/fxglassets/ui/fonts/VarelaRound-Regular.ttf
09:03:37.085 [FXGL Background Thread 1 ] DEBUG FXGLApplication      - Loading default localization
09:03:37.086 [FXGL Background Thread 1 ] DEBUG FXGLAssetLoaderServi - Loading from file system: jar:file:///home/daniel/.m2/repository/com/github/almasb/fxgl/17.3/fxgl-17.3.jar!/fxglassets/languages/english.lang
09:03:37.093 [FXGL Background Thread 4 ] DEBUG FXGLAssetLoaderServi - Loading from file system: jar:file:///home/daniel/.m2/repository/com/github/almasb/fxgl/17.3/fxgl-17.3.jar!/fxglassets/ui/fonts/Abel-Regular.ttf
09:03:37.095 [FXGL Background Thread 4 ] DEBUG FXGLAssetLoaderServi - Loading from file system: jar:file:///home/daniel/.m2/repository/com/github/almasb/fxgl/17.3/fxgl-17.3.jar!/fxglassets/ui/fonts/TerminalLandMono-Regular.otf
09:03:37.097 [FXGL Background Thread 4 ] DEBUG FXGLAssetLoaderServi - Loading from file system: jar:file:///home/daniel/.m2/repository/com/github/almasb/fxgl/17.3/fxgl-17.3.jar!/fxglassets/ui/fonts/Courier-Prime.ttf
09:03:37.102 [JavaFX Application Thread] DEBUG FXGLApplication      - Registering font factories with UI factory
09:03:37.109 [FXGL Background Thread 1 ] INFO  FXGLApplication      - FXGL initialization took: 0.899 sec
09:03:37.122 [JavaFX Application Thread] DEBUG Input                - Registered new binding: action0 - W
09:03:37.123 [JavaFX Application Thread] DEBUG Input                - Registered new binding: action1 - S
09:03:37.123 [JavaFX Application Thread] DEBUG Input                - Registered new binding: action2 - D
09:03:37.123 [JavaFX Application Thread] DEBUG Input                - Registered new binding: action3 - A
09:03:37.124 [JavaFX Application Thread] DEBUG Input                - Registered new binding: action4 - Up
09:03:37.124 [JavaFX Application Thread] DEBUG Input                - Registered new binding: action5 - Down
09:03:37.125 [JavaFX Application Thread] DEBUG Input                - Registered new binding: action6 - Left
09:03:37.125 [JavaFX Application Thread] DEBUG Input                - Registered new binding: action7 - Right
09:03:37.125 [JavaFX Application Thread] DEBUG Input                - Registered new binding: action8 - X
09:03:37.126 [JavaFX Application Thread] DEBUG Input                - Registered new binding: action9 - Q
09:03:37.126 [JavaFX Application Thread] DEBUG Input                - Registered new binding: action10 - Z
09:03:37.127 [JavaFX Application Thread] DEBUG Input                - Registered new binding: action11 - E
09:03:37.127 [JavaFX Application Thread] DEBUG FXGLAssetLoaderServi - Loading from file system: jar:file:///home/daniel/.m2/repository/com/github/almasb/fxgl/17.3/fxgl-17.3.jar!/fxglassets/textures/fxgl_icon.png
09:03:37.172 [JavaFX Application Thread] DEBUG FXGLAssetLoaderServi - Loading from file system: jar:file:///home/daniel/.m2/repository/com/github/almasb/fxgl/17.3/fxgl-17.3.jar!/fxglassets/textures/fxgl_default_cursor.png
09:03:37.174 [JavaFX Application Thread] DEBUG Input                - Registered new binding: Screenshot - CTRL+8
09:03:37.174 [JavaFX Application Thread] DEBUG Input                - Registered new binding: System info dump - CTRL+9
09:03:37.174 [JavaFX Application Thread] DEBUG Input                - Registered new binding: Restart - CTRL+R
09:03:37.175 [JavaFX Application Thread] DEBUG Input                - Registered new binding: Toggle Debug Camera - CTRL+7
09:03:37.177 [JavaFX Application Thread] DEBUG LoopRunner           - Starting loop
09:03:37.177 [JavaFX Application Thread] DEBUG LoopRunner           - Initializing JavaFX AnimationTimerLoop
09:03:37.178 [JavaFX Application Thread] DEBUG GameApplicationServi - Starting new game
09:03:37.178 [JavaFX Application Thread] DEBUG Input                - Clearing active input actions
09:03:37.189 [JavaFX Application Thread] DEBUG GameApplicationServi - Removing overlay from FXGLStartupScene and adding to FXGLLoadingScene
09:03:37.189 [JavaFX Application Thread] DEBUG PrimaryStageWindow   - FXGLStartupScene -> FXGLLoadingScene
09:03:37.190 [JavaFX Application Thread] DEBUG GameApplicationServi - Clearing previous game
09:03:37.190 [JavaFX Application Thread] DEBUG GameScene            - Clearing game scene
09:03:37.190 [JavaFX Application Thread] DEBUG GameWorld            - Clearing game world
09:03:37.190 [JavaFX Application Thread] DEBUG PhysicsWorld         - Clearing physics world
09:03:37.192 [FXGL Background Thread 1 ] DEBUG FXGLApplication      - Initializing game
09:03:37.242 [FXGL Background Thread 1 ] WARN  TMXLevelLoader       - TiledMap generated from 1.12.1. Supported version: 1.9.0. Some features may not be parsed fully.
09:03:37.248 [FXGL Background Thread 1 ] DEBUG TMXLevelLoader       - Parsed TiledMap: file:/home/daniel/IdeaProjects/Overtale/target/classes/assets/levels/TestMap1.tmx
09:03:37.249 [FXGL Background Thread 1 ] DEBUG TMXLevelLoader       - Creating tile layer entities
09:03:37.251 [FXGL Background Thread 1 ] DEBUG TilesetLoader        - Loading view for layer Tile Layer 1
09:03:37.253 [FXGL Background Thread 1 ] DEBUG TilesetLoader        - Created buffer with size 960.0x960.0
09:03:37.255 [FXGL Background Thread 1 ] DEBUG TilesetLoader        - Loading view for layer path_layer
09:03:37.258 [FXGL Background Thread 1 ] DEBUG TilesetLoader        - Created buffer with size 960.0x960.0
09:03:37.260 [FXGL Background Thread 1 ] WARN  TilesetLoader        - path_tiles.png cannot be loaded using mapURL=file:/home/daniel/IdeaProjects/Overtale/target/classes/assets/levels/TestMap1.tmx
java.io.FileNotFoundException: /home/daniel/IdeaProjects/Overtale/target/classes/assets/levels/path_tiles.png (No such file or directory)
	at java.base/java.io.FileInputStream.open0(Native Method)
	at java.base/java.io.FileInputStream.open(FileInputStream.java:185)
	at java.base/java.io.FileInputStream.<init>(FileInputStream.java:139)
	at java.base/java.io.FileInputStream.<init>(FileInputStream.java:109)
	at java.base/sun.net.www.protocol.file.FileURLConnection.connect(FileURLConnection.java:86)
	at java.base/sun.net.www.protocol.file.FileURLConnection.getInputStream(FileURLConnection.java:183)
	at java.base/java.net.URL.openStream(URL.java:1263)
	at com.almasb.fxgl.entity@17.3/com.almasb.fxgl.entity.level.tiled.TilesetLoader.loadImage(TilesetLoader.kt:426)
	at com.almasb.fxgl.entity@17.3/com.almasb.fxgl.entity.level.tiled.TilesetLoader.loadView(TilesetLoader.kt:133)
	at com.almasb.fxgl.entity@17.3/com.almasb.fxgl.entity.level.tiled.TMXLevelLoader$createTileLayerEntities$1.invoke(TMXLevelLoader.kt:100)
	at com.almasb.fxgl.entity@17.3/com.almasb.fxgl.entity.level.tiled.TMXLevelLoader$createTileLayerEntities$1.invoke(TMXLevelLoader.kt:89)
	at com.almasb.fxgl.entity@17.3/com.almasb.fxgl.entity.level.tiled.TMXLevelLoader.createTileLayerEntities$lambda$3(TMXLevelLoader.kt:89)
	at java.base/java.util.stream.ReferencePipeline$3$1.accept(ReferencePipeline.java:214)
	at java.base/java.util.ArrayList$ArrayListSpliterator.forEachRemaining(ArrayList.java:1716)
	at java.base/java.util.stream.AbstractPipeline.copyInto(AbstractPipeline.java:570)
	at java.base/java.util.stream.AbstractPipeline.wrapAndCopyInto(AbstractPipeline.java:560)
	at java.base/java.util.stream.ReduceOps$ReduceOp.evaluateSequential(ReduceOps.java:921)
	at java.base/java.util.stream.AbstractPipeline.evaluate(AbstractPipeline.java:265)
	at java.base/java.util.stream.ReferencePipeline.collect(ReferencePipeline.java:723)
	at com.almasb.fxgl.entity@17.3/com.almasb.fxgl.entity.level.tiled.TMXLevelLoader.createTileLayerEntities(TMXLevelLoader.kt:117)
	at com.almasb.fxgl.entity@17.3/com.almasb.fxgl.entity.level.tiled.TMXLevelLoader.load(TMXLevelLoader.kt:58)
	at com.almasb.fxgl.all@17.3/com.almasb.fxgl.app.services.FXGLAssetLoaderService.loadLevel(FXGLAssetLoaderService.kt:430)
	at com.almasb.fxgl.all@17.3/com.almasb.fxgl.dsl.FXGL$Companion.setLevelFromMap(FXGL.kt:634)
	at com.almasb.fxgl.all@17.3/com.almasb.fxgl.dsl.FXGL.setLevelFromMap(FXGL.kt)
	at at.htl.overtale@1.0-SNAPSHOT/at.htl.overtale.GameApp.initGame(GameApp.java:233)
	at com.almasb.fxgl.all@17.3/com.almasb.fxgl.app.FXGLApplication$InitAppTask.initGame(FXGLApplication.kt:339)
	at com.almasb.fxgl.all@17.3/com.almasb.fxgl.app.FXGLApplication$InitAppTask.call(FXGLApplication.kt:319)
	at com.almasb.fxgl.all@17.3/com.almasb.fxgl.app.FXGLApplication$InitAppTask.call(FXGLApplication.kt:311)
	at javafx.graphics@21.0.6/javafx.concurrent.Task$TaskCallable.call(Task.java:1399)
	at java.base/java.util.concurrent.FutureTask.run(FutureTask.java:328)
	at java.base/java.util.concurrent.Executors$RunnableAdapter.call(Executors.java:545)
	at java.base/java.util.concurrent.FutureTask.run(FutureTask.java:328)
	at java.base/java.util.concurrent.ThreadPoolExecutor.runWorker(ThreadPoolExecutor.java:1090)
	at java.base/java.util.concurrent.ThreadPoolExecutor$Worker.run(ThreadPoolExecutor.java:614)
	at java.base/java.lang.Thread.run(Thread.java:1474)

09:03:37.398 [FXGL Background Thread 1 ] DEBUG TMXLevelLoader       - Creating object layer entities
09:03:37.399 [FXGL Background Thread 1 ] DEBUG GameWorld            - Clearing removable entities
09:03:37.400 [FXGL Background Thread 1 ] DEBUG GameWorld            - Setting level: com.almasb.fxgl.entity.level.Level@1708d682
09:03:37.495 [FXGL Background Thread 1 ] INFO  FXGLApplication      - Game initialization took: 0.303 sec
09:03:37.512 [JavaFX Application Thread] DEBUG Input                - Clearing active input actions
09:03:37.549 [JavaFX Application Thread] DEBUG GameApplicationServi - Removing overlay from FXGLLoadingScene and adding to GameScene
09:03:37.550 [JavaFX Application Thread] DEBUG PrimaryStageWindow   - FXGLLoadingScene -> GameScene
09:03:37.829 [FXGL Background Thread 2 ] INFO  UpdaterService       - Your current version:  17.3
09:03:37.829 [FXGL Background Thread 2 ] INFO  UpdaterService       - Latest stable version: 25
09:03:40.083 [FXGL Background Thread 3 ] DEBUG Engine               - Logging environment variables
09:03:40.084 [FXGL Background Thread 3 ] DEBUG Engine               - achievements: []
09:03:40.084 [FXGL Background Thread 3 ] DEBUG Engine               - actualHeight: 600.0
09:03:40.085 [FXGL Background Thread 3 ] DEBUG Engine               - actualHeightProperty: ReadOnlyDoubleProperty [value: 1080.0]
09:03:40.085 [FXGL Background Thread 3 ] DEBUG Engine               - actualWidth: 800.0
09:03:40.085 [FXGL Background Thread 3 ] DEBUG Engine               - actualWidthProperty: ReadOnlyDoubleProperty [value: 1920.0]
09:03:40.085 [FXGL Background Thread 3 ] DEBUG Engine               - appIcon: fxgl_icon.png
09:03:40.085 [FXGL Background Thread 3 ] DEBUG Engine               - applicationMode: DEVELOPER
09:03:40.086 [FXGL Background Thread 3 ] DEBUG Engine               - cSSList: [fxgl_dark.css]
09:03:40.086 [FXGL Background Thread 3 ] DEBUG Engine               - collisionDetectionStrategy: BRUTE_FORCE
09:03:40.086 [FXGL Background Thread 3 ] DEBUG Engine               - configClass: Optional.empty
09:03:40.086 [FXGL Background Thread 3 ] DEBUG Engine               - credits: []
09:03:40.087 [FXGL Background Thread 3 ] DEBUG Engine               - defaultCursor: CursorInfo(imageName=fxgl_default_cursor.png, hotspotX=7.0, hotspotY=6.0)
09:03:40.087 [FXGL Background Thread 3 ] DEBUG Engine               - devBBoxColorProperty: ObjectProperty [value: 0xff0000ff]
09:03:40.087 [FXGL Background Thread 3 ] DEBUG Engine               - devEnableDebugCameraProperty: BooleanProperty [value: false]
09:03:40.088 [FXGL Background Thread 3 ] DEBUG Engine               - devSensorColorProperty: ObjectProperty [value: 0xffff00ff]
09:03:40.088 [FXGL Background Thread 3 ] DEBUG Engine               - devShowBBoxProperty: BooleanProperty [value: false]
09:03:40.088 [FXGL Background Thread 3 ] DEBUG Engine               - devShowPositionProperty: BooleanProperty [value: false]
09:03:40.088 [FXGL Background Thread 3 ] DEBUG Engine               - enabledMenuItems: []
09:03:40.089 [FXGL Background Thread 3 ] DEBUG Engine               - engineServices: [class com.almasb.fxgl.app.services.FXGLAssetLoaderService, class com.almasb.fxgl.app.FXGLApplication$GameApplicationService, class com.almasb.fxgl.app.services.FXGLDialogService, class com.almasb.fxgl.app.services.IOTaskExecutorService, class com.almasb.fxgl.io.FileSystemService, class com.almasb.fxgl.localization.LocalizationService, class com.almasb.fxgl.app.services.SystemBundleService, class com.almasb.fxgl.profile.SaveLoadService, class com.almasb.fxgl.ui.FXGLUIFactoryServiceProvider, class com.almasb.fxgl.ui.FXGLDialogFactoryServiceProvider, class com.almasb.fxgl.audio.AudioPlayer, class com.almasb.fxgl.notification.impl.NotificationServiceProvider, class com.almasb.fxgl.achievement.AchievementService, class com.almasb.fxgl.cutscene.CutsceneService, class com.almasb.fxgl.minigames.MiniGameService, class com.almasb.fxgl.net.NetService, class com.almasb.fxgl.app.services.UpdaterService, class com.almasb.fxgl.dev.DevService]
09:03:40.089 [FXGL Background Thread 3 ] DEBUG Engine               - fontGame: Abel-Regular.ttf
09:03:40.089 [FXGL Background Thread 3 ] DEBUG Engine               - fontMono: TerminalLandMono-Regular.otf
09:03:40.089 [FXGL Background Thread 3 ] DEBUG Engine               - fontSizeScaleUI: 1.0
09:03:40.089 [FXGL Background Thread 3 ] DEBUG Engine               - fontText: Courier-Prime.ttf
09:03:40.089 [FXGL Background Thread 3 ] DEBUG Engine               - fontUI: VarelaRound-Regular.ttf
09:03:40.090 [FXGL Background Thread 3 ] DEBUG Engine               - fullScreen: BooleanProperty [value: true]
09:03:40.090 [FXGL Background Thread 3 ] DEBUG Engine               - gameDifficulty: MEDIUM
09:03:40.090 [FXGL Background Thread 3 ] DEBUG Engine               - gameDifficultyProperty: ObjectProperty [value: MEDIUM]
09:03:40.090 [FXGL Background Thread 3 ] DEBUG Engine               - globalMusicVolume: 0.5
09:03:40.090 [FXGL Background Thread 3 ] DEBUG Engine               - globalMusicVolumeProperty: DoubleProperty [value: 0.5]
09:03:40.091 [FXGL Background Thread 3 ] DEBUG Engine               - globalSoundVolume: 0.5
09:03:40.091 [FXGL Background Thread 3 ] DEBUG Engine               - globalSoundVolumeProperty: DoubleProperty [value: 0.5]
09:03:40.091 [FXGL Background Thread 3 ] DEBUG Engine               - height: 600
09:03:40.091 [FXGL Background Thread 3 ] DEBUG Engine               - is3D: false
09:03:40.092 [FXGL Background Thread 3 ] DEBUG Engine               - isAndroid: false
09:03:40.092 [FXGL Background Thread 3 ] DEBUG Engine               - isBrowser: false
09:03:40.092 [FXGL Background Thread 3 ] DEBUG Engine               - isClickFeedbackEnabled: false
09:03:40.092 [FXGL Background Thread 3 ] DEBUG Engine               - isCloseConfirmation: false
09:03:40.092 [FXGL Background Thread 3 ] DEBUG Engine               - isDesktop: true
09:03:40.093 [FXGL Background Thread 3 ] DEBUG Engine               - isDeveloperMenuEnabled: false
09:03:40.093 [FXGL Background Thread 3 ] DEBUG Engine               - isEmbedded: false
09:03:40.093 [FXGL Background Thread 3 ] DEBUG Engine               - isEntityPreloadEnabled: true
09:03:40.093 [FXGL Background Thread 3 ] DEBUG Engine               - isExperimentalTiledLargeMap: false
09:03:40.094 [FXGL Background Thread 3 ] DEBUG Engine               - isFileSystemWriteAllowed: true
09:03:40.094 [FXGL Background Thread 3 ] DEBUG Engine               - isFullScreenAllowed: true
09:03:40.094 [FXGL Background Thread 3 ] DEBUG Engine               - isFullScreenFromStart: true
09:03:40.094 [FXGL Background Thread 3 ] DEBUG Engine               - isGameMenuEnabled: true
09:03:40.094 [FXGL Background Thread 3 ] DEBUG Engine               - isIOS: false
09:03:40.095 [FXGL Background Thread 3 ] DEBUG Engine               - isIntroEnabled: false
09:03:40.095 [FXGL Background Thread 3 ] DEBUG Engine               - isLinux: true
09:03:40.095 [FXGL Background Thread 3 ] DEBUG Engine               - isMac: false
09:03:40.095 [FXGL Background Thread 3 ] DEBUG Engine               - isMainMenuEnabled: false
09:03:40.095 [FXGL Background Thread 3 ] DEBUG Engine               - isManualResizeEnabled: false
09:03:40.096 [FXGL Background Thread 3 ] DEBUG Engine               - isMobile: false
09:03:40.096 [FXGL Background Thread 3 ] DEBUG Engine               - isNative: false
09:03:40.096 [FXGL Background Thread 3 ] DEBUG Engine               - isPauseMusicWhenMinimized: true
09:03:40.096 [FXGL Background Thread 3 ] DEBUG Engine               - isPreserveResizeRatio: false
09:03:40.096 [FXGL Background Thread 3 ] DEBUG Engine               - isProfilingEnabled: false
09:03:40.097 [FXGL Background Thread 3 ] DEBUG Engine               - isScaleAffectedOnResize: true
09:03:40.097 [FXGL Background Thread 3 ] DEBUG Engine               - isSingleStep: false
09:03:40.097 [FXGL Background Thread 3 ] DEBUG Engine               - isUserProfileEnabled: false
09:03:40.097 [FXGL Background Thread 3 ] DEBUG Engine               - isWindows: false
09:03:40.097 [FXGL Background Thread 3 ] DEBUG Engine               - language: ObjectProperty [value: ENGLISH]
09:03:40.098 [FXGL Background Thread 3 ] DEBUG Engine               - menuKey: ESCAPE
09:03:40.098 [FXGL Background Thread 3 ] DEBUG Engine               - mouseSensitivity: 0.2
09:03:40.098 [FXGL Background Thread 3 ] DEBUG Engine               - notificationViewClass: class com.almasb.fxgl.notification.view.XboxNotificationView
09:03:40.098 [FXGL Background Thread 3 ] DEBUG Engine               - pixelsPerMeter: 50.0
09:03:40.098 [FXGL Background Thread 3 ] DEBUG Engine               - platform: LINUX
09:03:40.098 [FXGL Background Thread 3 ] DEBUG Engine               - prefHeightProperty: ReadOnlyDoubleProperty [value: 600.0]
09:03:40.099 [FXGL Background Thread 3 ] DEBUG Engine               - prefWidthProperty: ReadOnlyDoubleProperty [value: 800.0]
09:03:40.099 [FXGL Background Thread 3 ] DEBUG Engine               - profileDir: profiles/
09:03:40.099 [FXGL Background Thread 3 ] DEBUG Engine               - profileName: StringProperty [value: DEFAULT]
09:03:40.099 [FXGL Background Thread 3 ] DEBUG Engine               - randomSeed: -1
09:03:40.100 [FXGL Background Thread 3 ] DEBUG Engine               - runtimeInfo: RuntimeInfo(platform=LINUX, version=17.3, build=30.03.2023 11.49)
09:03:40.100 [FXGL Background Thread 3 ] DEBUG Engine               - saveFileExt: sav
09:03:40.100 [FXGL Background Thread 3 ] DEBUG Engine               - scaledHeightProp$fxgl: DoubleProperty [bound, value: 1080.0]
09:03:40.100 [FXGL Background Thread 3 ] DEBUG Engine               - scaledWidthProp$fxgl: DoubleProperty [bound, value: 1920.0]
09:03:40.101 [FXGL Background Thread 3 ] DEBUG Engine               - sceneFactory: com.almasb.fxgl.app.scene.SceneFactory@5b36da79
09:03:40.101 [FXGL Background Thread 3 ] DEBUG Engine               - secondsIn24h: 60
09:03:40.101 [FXGL Background Thread 3 ] DEBUG Engine               - soundMenuBack: menu/back.wav
09:03:40.101 [FXGL Background Thread 3 ] DEBUG Engine               - soundMenuPress: menu/press.wav
09:03:40.101 [FXGL Background Thread 3 ] DEBUG Engine               - soundMenuSelect: menu/select.wav
09:03:40.101 [FXGL Background Thread 3 ] DEBUG Engine               - soundNotification: core/notification.wav
09:03:40.102 [FXGL Background Thread 3 ] DEBUG Engine               - stageStyle: DECORATED
09:03:40.102 [FXGL Background Thread 3 ] DEBUG Engine               - supportedLanguages: [ENGLISH, FRENCH, GERMAN, HUNGARIAN, RUSSIAN]
09:03:40.102 [FXGL Background Thread 3 ] DEBUG Engine               - ticksPerSecond: -1
09:03:40.102 [FXGL Background Thread 3 ] DEBUG Engine               - title: Overtale
09:03:40.102 [FXGL Background Thread 3 ] DEBUG Engine               - urlGithub: https://github.com/AlmasB/FXGL
09:03:40.102 [FXGL Background Thread 3 ] DEBUG Engine               - urlLeaderboard: http://fxgl-top.herokuapp.com/
09:03:40.102 [FXGL Background Thread 3 ] DEBUG Engine               - urlPOM: https://raw.githubusercontent.com/AlmasB/FXGL/release/README.md
09:03:40.103 [FXGL Background Thread 3 ] DEBUG Engine               - userAppClass: class at.htl.overtale.GameApp
09:03:40.103 [FXGL Background Thread 3 ] DEBUG Engine               - version: 0.1
09:03:40.103 [FXGL Background Thread 3 ] DEBUG Engine               - versionCheckDays: 7
09:03:40.103 [FXGL Background Thread 3 ] DEBUG Engine               - width: 800
09:03:40.103 [FXGL Background Thread 3 ] DEBUG Engine               - Logging services
09:03:40.103 [FXGL Background Thread 3 ] DEBUG Engine               - class com.almasb.fxgl.app.services.FXGLAssetLoaderService
09:03:40.103 [FXGL Background Thread 3 ] DEBUG Engine               - class com.almasb.fxgl.app.FXGLApplication$GameApplicationService
09:03:40.103 [FXGL Background Thread 3 ] DEBUG Engine               - class com.almasb.fxgl.app.services.FXGLDialogService
09:03:40.104 [FXGL Background Thread 3 ] DEBUG Engine               - class com.almasb.fxgl.app.services.IOTaskExecutorService
09:03:40.104 [FXGL Background Thread 3 ] DEBUG Engine               - class com.almasb.fxgl.io.FileSystemService
09:03:40.104 [FXGL Background Thread 3 ] DEBUG Engine               - class com.almasb.fxgl.localization.LocalizationService
09:03:40.104 [FXGL Background Thread 3 ] DEBUG Engine               - class com.almasb.fxgl.app.services.SystemBundleService
09:03:40.104 [FXGL Background Thread 3 ] DEBUG Engine               - class com.almasb.fxgl.profile.SaveLoadService
09:03:40.104 [FXGL Background Thread 3 ] DEBUG Engine               - class com.almasb.fxgl.ui.FXGLUIFactoryServiceProvider
09:03:40.104 [FXGL Background Thread 3 ] DEBUG Engine               - class com.almasb.fxgl.ui.FXGLDialogFactoryServiceProvider
09:03:40.104 [FXGL Background Thread 3 ] DEBUG Engine               - class com.almasb.fxgl.audio.AudioPlayer
09:03:40.105 [FXGL Background Thread 3 ] DEBUG Engine               - class com.almasb.fxgl.notification.impl.NotificationServiceProvider
09:03:40.105 [FXGL Background Thread 3 ] DEBUG Engine               - class com.almasb.fxgl.achievement.AchievementService
09:03:40.105 [FXGL Background Thread 3 ] DEBUG Engine               - class com.almasb.fxgl.cutscene.CutsceneService
09:03:40.105 [FXGL Background Thread 3 ] DEBUG Engine               - class com.almasb.fxgl.minigames.MiniGameService
09:03:40.105 [FXGL Background Thread 3 ] DEBUG Engine               - class com.almasb.fxgl.net.NetService
09:03:40.105 [FXGL Background Thread 3 ] DEBUG Engine               - class com.almasb.fxgl.app.services.UpdaterService
09:03:40.105 [FXGL Background Thread 3 ] DEBUG Engine               - class com.almasb.fxgl.dev.DevService
09:04:10.565 [JavaFX Application Thread] DEBUG FXGLApplication      - Exiting FXGL
09:04:10.566 [JavaFX Application Thread] DEBUG LoopRunner           - Stopping loop
09:04:10.566 [JavaFX Application Thread] DEBUG SystemBundleService  - Saving FXGL system data
09:04:10.569 [JavaFX Application Thread] DEBUG FileSystemAccess     - Writing to: /home/daniel/IdeaProjects/Overtale/system/fxgl.bundle
09:04:10.571 [JavaFX Application Thread] DEBUG Async                - Shutting down background threads
09:04:10.571 [JavaFX Application Thread] DEBUG PrimaryStageWindow   - Closing main window
09:04:10.577 [JavaFX Application Thread] DEBUG Logger               - Closing Logger
