11:12:18.928 [main                     ] DEBUG Logger               - Configured Logger
11:12:18.935 [main                     ] DEBUG GameApplication      - Logging settings
Title: Overtale
Version: 0.1
Width: 800
Height: 600
Fullscreen: false
Intro: false
Profiling: false
Single step:false
App Mode: DEVELOPER
Menu Key: ESCAPE
Stage Style: DECORATED
Scene Factory: class com.almasb.fxgl.app.scene.SceneFactory

11:12:19.152 [JavaFX Application Thread] DEBUG FXGLApplication      - Initializing FXGL
11:12:19.154 [JavaFX Application Thread] INFO  Engine               - FXGL-17.3 (30.03.2023 11.49) on LINUX (J:25.0.2 FX:21.0.6)
11:12:19.155 [JavaFX Application Thread] DEBUG Engine               - JRE Vendor Name: Oracle Corporation
11:12:19.155 [JavaFX Application Thread] DEBUG Engine               - Running on OS: Linux version 6.19.9-1-cachyos
11:12:19.155 [JavaFX Application Thread] DEBUG Engine               - Architecture: amd64
11:12:19.155 [JavaFX Application Thread] INFO  Engine               - Source code and latest versions at: https://github.com/AlmasB/FXGL
11:12:19.155 [JavaFX Application Thread] INFO  Engine               -       Ask questions and discuss at: https://github.com/AlmasB/FXGL/discussions
11:12:19.155 [JavaFX Application Thread] INFO  Engine               -              Join the FXGL chat at: https://gitter.im/AlmasB/FXGL
11:12:19.220 [JavaFX Application Thread] DEBUG PrimaryStageWindow   - Creating a JavaFX scene
11:12:19.319 [JavaFX Application Thread] DEBUG PrimaryStageWindow   - Target settings size: 800.0 x 600.0
11:12:19.319 [JavaFX Application Thread] DEBUG PrimaryStageWindow   - Scaled scene size:    800.0 x 600.0
11:12:19.319 [JavaFX Application Thread] DEBUG PrimaryStageWindow   - Scaled ratio: (1.0, 1.0)
11:12:19.319 [JavaFX Application Thread] DEBUG PrimaryStageWindow   - Set initial scene to FXGLStartupScene
11:12:19.321 [JavaFX Application Thread] DEBUG PrimaryStageWindow   - Opening main window
11:12:19.355 [JavaFX Application Thread] DEBUG PrimaryStageWindow   - Window border size: (0.0, 35.0)
11:12:19.355 [JavaFX Application Thread] DEBUG PrimaryStageWindow   - Scaled size: 800.0 x 565.0
11:12:19.355 [JavaFX Application Thread] DEBUG PrimaryStageWindow   - Scaled ratio: (1.0, 0.9416666666666667)
11:12:19.355 [JavaFX Application Thread] DEBUG PrimaryStageWindow   - Scene size: 800.0 x 600.0
11:12:19.355 [JavaFX Application Thread] DEBUG PrimaryStageWindow   - Stage size: 800.0 x 600.0
11:12:19.359 [FXGL Background Thread 1 ] DEBUG Engine               - Initializing environment variables
11:12:19.401 [FXGL Background Thread 1 ] DEBUG FXGLAssetLoaderServi - User app class for loading assets: class at.htl.overtale.GameApp
11:12:19.401 [FXGL Background Thread 1 ] DEBUG GameApplicationServi - Applying CSS: fxgl_dark.css
11:12:19.401 [FXGL Background Thread 1 ] DEBUG FXGLAssetLoaderServi - Loading from file system: jar:file:///home/raphi/.m2/repository/com/github/almasb/fxgl/17.3/fxgl-17.3.jar!/fxglassets/ui/css/fxgl_dark.css
11:12:19.433 [FXGL Background Thread 1 ] DEBUG GameApplicationServi - Initializing application scenes
11:12:19.513 [FXGL Background Thread 1 ] DEBUG GameWorld            - Game world initialized
11:12:19.545 [FXGL Background Thread 1 ] DEBUG PhysicsWorld         - Physics world initialized: appHeight=600, physics.ppm=50.0
11:12:19.545 [FXGL Background Thread 1 ] DEBUG PhysicsWorld         - Using strategy: BRUTE_FORCE
11:12:19.547 [FXGL Background Thread 1 ] DEBUG GameScene            - Game scene initialized: 800x600
11:12:19.552 [FXGL Background Thread 1 ] DEBUG FXGL.DefaultMenu     - createMenuBodyGameMenu()
11:12:19.559 [FXGL Background Thread 1 ] DEBUG FXGL.DefaultMenu     - createOptionsMenu()
11:12:19.566 [FXGL Background Thread 1 ] DEBUG FXGLAssetLoaderServi - Loading from file system: jar:file:///home/raphi/.m2/repository/com/github/almasb/fxgl/17.3/fxgl-17.3.jar!/fxglassets/textures/particles/smoke.png
11:12:19.623 [FXGL Background Thread 1 ] DEBUG FXGLAssetLoaderServi - Loading from file system: jar:file:///home/raphi/.m2/repository/com/github/almasb/fxgl/17.3/fxgl-17.3.jar!/fxglassets/textures/particles/trace_horizontal.png
11:12:19.650 [FXGL Background Thread 1 ] DEBUG GameApplicationServi - Application scenes initialized
11:12:19.657 [FXGL Background Thread 1 ] DEBUG SystemBundleService  - Loading FXGL system data
11:12:19.660 [FXGL Background Thread 1 ] DEBUG FileSystemAccess     - Reading from: /home/raphi/Documents/JavaWorkspace/Overtale/system/fxgl.bundle
11:12:19.664 [FXGL Background Thread 1 ] DEBUG SystemBundleService  - Bundle FXGL: {}
11:12:19.665 [FXGL Background Thread 1 ] DEBUG UpdaterService       - Checking for updates
11:12:19.668 [FXGL Background Thread 4 ] DEBUG FXGLApplication      - Loading fonts
11:12:19.669 [FXGL Background Thread 4 ] DEBUG FXGLAssetLoaderServi - Loading from file system: jar:file:///home/raphi/.m2/repository/com/github/almasb/fxgl/17.3/fxgl-17.3.jar!/fxglassets/ui/fonts/VarelaRound-Regular.ttf
11:12:19.669 [FXGL Background Thread 1 ] DEBUG FXGLApplication      - Loading default localization
11:12:19.669 [FXGL Background Thread 1 ] DEBUG FXGLAssetLoaderServi - Loading from file system: jar:file:///home/raphi/.m2/repository/com/github/almasb/fxgl/17.3/fxgl-17.3.jar!/fxglassets/languages/english.lang
11:12:19.673 [FXGL Background Thread 4 ] DEBUG FXGLAssetLoaderServi - Loading from file system: jar:file:///home/raphi/.m2/repository/com/github/almasb/fxgl/17.3/fxgl-17.3.jar!/fxglassets/ui/fonts/Abel-Regular.ttf
11:12:19.681 [FXGL Background Thread 4 ] DEBUG FXGLAssetLoaderServi - Loading from file system: jar:file:///home/raphi/.m2/repository/com/github/almasb/fxgl/17.3/fxgl-17.3.jar!/fxglassets/ui/fonts/TerminalLandMono-Regular.otf
11:12:19.683 [FXGL Background Thread 4 ] DEBUG FXGLAssetLoaderServi - Loading from file system: jar:file:///home/raphi/.m2/repository/com/github/almasb/fxgl/17.3/fxgl-17.3.jar!/fxglassets/ui/fonts/Courier-Prime.ttf
11:12:19.687 [JavaFX Application Thread] DEBUG FXGLApplication      - Registering font factories with UI factory
11:12:19.689 [FXGL Background Thread 1 ] INFO  FXGLApplication      - FXGL initialization took: 0.330 sec
11:12:19.696 [JavaFX Application Thread] DEBUG Input                - Registered new binding: action0 - W
11:12:19.696 [JavaFX Application Thread] DEBUG Input                - Registered new binding: action1 - S
11:12:19.697 [JavaFX Application Thread] DEBUG Input                - Registered new binding: action2 - D
11:12:19.697 [JavaFX Application Thread] DEBUG Input                - Registered new binding: action3 - A
11:12:19.697 [JavaFX Application Thread] DEBUG Input                - Registered new binding: action4 - Up
11:12:19.698 [JavaFX Application Thread] DEBUG Input                - Registered new binding: action5 - Down
11:12:19.698 [JavaFX Application Thread] DEBUG Input                - Registered new binding: action6 - Left
11:12:19.698 [JavaFX Application Thread] DEBUG Input                - Registered new binding: action7 - Right
11:12:19.699 [JavaFX Application Thread] DEBUG Input                - Registered new binding: action8 - X
11:12:19.699 [JavaFX Application Thread] DEBUG Input                - Registered new binding: action9 - Q
11:12:19.699 [JavaFX Application Thread] DEBUG Input                - Registered new binding: action10 - Z
11:12:19.699 [JavaFX Application Thread] DEBUG Input                - Registered new binding: action11 - E
11:12:19.700 [JavaFX Application Thread] DEBUG FXGLAssetLoaderServi - Loading from file system: jar:file:///home/raphi/.m2/repository/com/github/almasb/fxgl/17.3/fxgl-17.3.jar!/fxglassets/textures/fxgl_icon.png
11:12:19.722 [JavaFX Application Thread] DEBUG FXGLAssetLoaderServi - Loading from file system: jar:file:///home/raphi/.m2/repository/com/github/almasb/fxgl/17.3/fxgl-17.3.jar!/fxglassets/textures/fxgl_default_cursor.png
11:12:19.724 [JavaFX Application Thread] DEBUG Input                - Registered new binding: Screenshot - CTRL+8
11:12:19.724 [JavaFX Application Thread] DEBUG Input                - Registered new binding: System info dump - CTRL+9
11:12:19.724 [JavaFX Application Thread] DEBUG Input                - Registered new binding: Restart - CTRL+R
11:12:19.724 [JavaFX Application Thread] DEBUG Input                - Registered new binding: Toggle Debug Camera - CTRL+7
11:12:19.726 [JavaFX Application Thread] DEBUG LoopRunner           - Starting loop
11:12:19.726 [JavaFX Application Thread] DEBUG LoopRunner           - Initializing JavaFX AnimationTimerLoop
11:12:19.727 [JavaFX Application Thread] DEBUG GameApplicationServi - Starting new game
11:12:19.727 [JavaFX Application Thread] DEBUG Input                - Clearing active input actions
11:12:19.736 [JavaFX Application Thread] DEBUG GameApplicationServi - Removing overlay from FXGLStartupScene and adding to FXGLLoadingScene
11:12:19.736 [JavaFX Application Thread] DEBUG PrimaryStageWindow   - FXGLStartupScene -> FXGLLoadingScene
11:12:19.736 [JavaFX Application Thread] DEBUG GameApplicationServi - Clearing previous game
11:12:19.736 [JavaFX Application Thread] DEBUG GameScene            - Clearing game scene
11:12:19.736 [JavaFX Application Thread] DEBUG GameWorld            - Clearing game world
11:12:19.737 [JavaFX Application Thread] DEBUG PhysicsWorld         - Clearing physics world
11:12:19.739 [FXGL Background Thread 1 ] DEBUG FXGLApplication      - Initializing game
11:12:19.758 [FXGL Background Thread 1 ] INFO  FXGLApplication      - Game initialization took: 0.019 sec
11:12:19.833 [JavaFX Application Thread] DEBUG Input                - Clearing active input actions
11:12:19.840 [JavaFX Application Thread] DEBUG GameApplicationServi - Removing overlay from FXGLLoadingScene and adding to GameScene
11:12:19.841 [JavaFX Application Thread] DEBUG PrimaryStageWindow   - FXGLLoadingScene -> GameScene
11:12:20.041 [FXGL Background Thread 2 ] INFO  UpdaterService       - Your current version:  17.3
11:12:20.041 [FXGL Background Thread 2 ] INFO  UpdaterService       - Latest stable version: 25
11:12:22.667 [FXGL Background Thread 3 ] DEBUG Engine               - Logging environment variables
11:12:22.668 [FXGL Background Thread 3 ] DEBUG Engine               - achievements: []
11:12:22.669 [FXGL Background Thread 3 ] DEBUG Engine               - actualHeight: 565.0
11:12:22.669 [FXGL Background Thread 3 ] DEBUG Engine               - actualHeightProperty: ReadOnlyDoubleProperty [value: 565.0]
11:12:22.669 [FXGL Background Thread 3 ] DEBUG Engine               - actualWidth: 800.0
11:12:22.669 [FXGL Background Thread 3 ] DEBUG Engine               - actualWidthProperty: ReadOnlyDoubleProperty [value: 800.0]
11:12:22.669 [FXGL Background Thread 3 ] DEBUG Engine               - appIcon: fxgl_icon.png
11:12:22.669 [FXGL Background Thread 3 ] DEBUG Engine               - applicationMode: DEVELOPER
11:12:22.669 [FXGL Background Thread 3 ] DEBUG Engine               - cSSList: [fxgl_dark.css]
11:12:22.669 [FXGL Background Thread 3 ] DEBUG Engine               - collisionDetectionStrategy: BRUTE_FORCE
11:12:22.669 [FXGL Background Thread 3 ] DEBUG Engine               - configClass: Optional.empty
11:12:22.669 [FXGL Background Thread 3 ] DEBUG Engine               - credits: []
11:12:22.670 [FXGL Background Thread 3 ] DEBUG Engine               - defaultCursor: CursorInfo(imageName=fxgl_default_cursor.png, hotspotX=7.0, hotspotY=6.0)
11:12:22.670 [FXGL Background Thread 3 ] DEBUG Engine               - devBBoxColorProperty: ObjectProperty [value: 0xff0000ff]
11:12:22.670 [FXGL Background Thread 3 ] DEBUG Engine               - devEnableDebugCameraProperty: BooleanProperty [value: false]
11:12:22.670 [FXGL Background Thread 3 ] DEBUG Engine               - devSensorColorProperty: ObjectProperty [value: 0xffff00ff]
11:12:22.670 [FXGL Background Thread 3 ] DEBUG Engine               - devShowBBoxProperty: BooleanProperty [value: false]
11:12:22.670 [FXGL Background Thread 3 ] DEBUG Engine               - devShowPositionProperty: BooleanProperty [value: false]
11:12:22.670 [FXGL Background Thread 3 ] DEBUG Engine               - enabledMenuItems: []
11:12:22.670 [FXGL Background Thread 3 ] DEBUG Engine               - engineServices: [class com.almasb.fxgl.app.services.FXGLAssetLoaderService, class com.almasb.fxgl.app.FXGLApplication$GameApplicationService, class com.almasb.fxgl.app.services.FXGLDialogService, class com.almasb.fxgl.app.services.IOTaskExecutorService, class com.almasb.fxgl.io.FileSystemService, class com.almasb.fxgl.localization.LocalizationService, class com.almasb.fxgl.app.services.SystemBundleService, class com.almasb.fxgl.profile.SaveLoadService, class com.almasb.fxgl.ui.FXGLUIFactoryServiceProvider, class com.almasb.fxgl.ui.FXGLDialogFactoryServiceProvider, class com.almasb.fxgl.audio.AudioPlayer, class com.almasb.fxgl.notification.impl.NotificationServiceProvider, class com.almasb.fxgl.achievement.AchievementService, class com.almasb.fxgl.cutscene.CutsceneService, class com.almasb.fxgl.minigames.MiniGameService, class com.almasb.fxgl.net.NetService, class com.almasb.fxgl.app.services.UpdaterService, class com.almasb.fxgl.dev.DevService]
11:12:22.670 [FXGL Background Thread 3 ] DEBUG Engine               - fontGame: Abel-Regular.ttf
11:12:22.670 [FXGL Background Thread 3 ] DEBUG Engine               - fontMono: TerminalLandMono-Regular.otf
11:12:22.670 [FXGL Background Thread 3 ] DEBUG Engine               - fontSizeScaleUI: 1.0
11:12:22.671 [FXGL Background Thread 3 ] DEBUG Engine               - fontText: Courier-Prime.ttf
11:12:22.671 [FXGL Background Thread 3 ] DEBUG Engine               - fontUI: VarelaRound-Regular.ttf
11:12:22.671 [FXGL Background Thread 3 ] DEBUG Engine               - fullScreen: BooleanProperty [value: false]
11:12:22.671 [FXGL Background Thread 3 ] DEBUG Engine               - gameDifficulty: MEDIUM
11:12:22.671 [FXGL Background Thread 3 ] DEBUG Engine               - gameDifficultyProperty: ObjectProperty [value: MEDIUM]
11:12:22.671 [FXGL Background Thread 3 ] DEBUG Engine               - globalMusicVolume: 0.5
11:12:22.671 [FXGL Background Thread 3 ] DEBUG Engine               - globalMusicVolumeProperty: DoubleProperty [value: 0.5]
11:12:22.671 [FXGL Background Thread 3 ] DEBUG Engine               - globalSoundVolume: 0.5
11:12:22.671 [FXGL Background Thread 3 ] DEBUG Engine               - globalSoundVolumeProperty: DoubleProperty [value: 0.5]
11:12:22.671 [FXGL Background Thread 3 ] DEBUG Engine               - height: 600
11:12:22.671 [FXGL Background Thread 3 ] DEBUG Engine               - is3D: false
11:12:22.671 [FXGL Background Thread 3 ] DEBUG Engine               - isAndroid: false
11:12:22.671 [FXGL Background Thread 3 ] DEBUG Engine               - isBrowser: false
11:12:22.671 [FXGL Background Thread 3 ] DEBUG Engine               - isClickFeedbackEnabled: false
11:12:22.671 [FXGL Background Thread 3 ] DEBUG Engine               - isCloseConfirmation: false
11:12:22.672 [FXGL Background Thread 3 ] DEBUG Engine               - isDesktop: true
11:12:22.672 [FXGL Background Thread 3 ] DEBUG Engine               - isDeveloperMenuEnabled: false
11:12:22.672 [FXGL Background Thread 3 ] DEBUG Engine               - isEmbedded: false
11:12:22.672 [FXGL Background Thread 3 ] DEBUG Engine               - isEntityPreloadEnabled: true
11:12:22.672 [FXGL Background Thread 3 ] DEBUG Engine               - isExperimentalTiledLargeMap: false
11:12:22.672 [FXGL Background Thread 3 ] DEBUG Engine               - isFileSystemWriteAllowed: true
11:12:22.672 [FXGL Background Thread 3 ] DEBUG Engine               - isFullScreenAllowed: false
11:12:22.672 [FXGL Background Thread 3 ] DEBUG Engine               - isFullScreenFromStart: false
11:12:22.672 [FXGL Background Thread 3 ] DEBUG Engine               - isGameMenuEnabled: true
11:12:22.672 [FXGL Background Thread 3 ] DEBUG Engine               - isIOS: false
11:12:22.673 [FXGL Background Thread 3 ] DEBUG Engine               - isIntroEnabled: false
11:12:22.673 [FXGL Background Thread 3 ] DEBUG Engine               - isLinux: true
11:12:22.673 [FXGL Background Thread 3 ] DEBUG Engine               - isMac: false
11:12:22.673 [FXGL Background Thread 3 ] DEBUG Engine               - isMainMenuEnabled: false
11:12:22.673 [FXGL Background Thread 3 ] DEBUG Engine               - isManualResizeEnabled: false
11:12:22.673 [FXGL Background Thread 3 ] DEBUG Engine               - isMobile: false
11:12:22.673 [FXGL Background Thread 3 ] DEBUG Engine               - isNative: false
11:12:22.673 [FXGL Background Thread 3 ] DEBUG Engine               - isPauseMusicWhenMinimized: true
11:12:22.673 [FXGL Background Thread 3 ] DEBUG Engine               - isPreserveResizeRatio: false
11:12:22.673 [FXGL Background Thread 3 ] DEBUG Engine               - isProfilingEnabled: false
11:12:22.673 [FXGL Background Thread 3 ] DEBUG Engine               - isScaleAffectedOnResize: true
11:12:22.674 [FXGL Background Thread 3 ] DEBUG Engine               - isSingleStep: false
11:12:22.674 [FXGL Background Thread 3 ] DEBUG Engine               - isUserProfileEnabled: false
11:12:22.674 [FXGL Background Thread 3 ] DEBUG Engine               - isWindows: false
11:12:22.674 [FXGL Background Thread 3 ] DEBUG Engine               - language: ObjectProperty [value: ENGLISH]
11:12:22.674 [FXGL Background Thread 3 ] DEBUG Engine               - menuKey: ESCAPE
11:12:22.674 [FXGL Background Thread 3 ] DEBUG Engine               - mouseSensitivity: 0.2
11:12:22.674 [FXGL Background Thread 3 ] DEBUG Engine               - notificationViewClass: class com.almasb.fxgl.notification.view.XboxNotificationView
11:12:22.674 [FXGL Background Thread 3 ] DEBUG Engine               - pixelsPerMeter: 50.0
11:12:22.674 [FXGL Background Thread 3 ] DEBUG Engine               - platform: LINUX
11:12:22.674 [FXGL Background Thread 3 ] DEBUG Engine               - prefHeightProperty: ReadOnlyDoubleProperty [value: 600.0]
11:12:22.674 [FXGL Background Thread 3 ] DEBUG Engine               - prefWidthProperty: ReadOnlyDoubleProperty [value: 800.0]
11:12:22.675 [FXGL Background Thread 3 ] DEBUG Engine               - profileDir: profiles/
11:12:22.675 [FXGL Background Thread 3 ] DEBUG Engine               - profileName: StringProperty [value: DEFAULT]
11:12:22.675 [FXGL Background Thread 3 ] DEBUG Engine               - randomSeed: -1
11:12:22.675 [FXGL Background Thread 3 ] DEBUG Engine               - runtimeInfo: RuntimeInfo(platform=LINUX, version=17.3, build=30.03.2023 11.49)
11:12:22.675 [FXGL Background Thread 3 ] DEBUG Engine               - saveFileExt: sav
11:12:22.676 [FXGL Background Thread 3 ] DEBUG Engine               - scaledHeightProp$fxgl: DoubleProperty [bound, value: 565.0]
11:12:22.676 [FXGL Background Thread 3 ] DEBUG Engine               - scaledWidthProp$fxgl: DoubleProperty [bound, value: 800.0]
11:12:22.676 [FXGL Background Thread 3 ] DEBUG Engine               - sceneFactory: com.almasb.fxgl.app.scene.SceneFactory@4aa7ae3b
11:12:22.676 [FXGL Background Thread 3 ] DEBUG Engine               - secondsIn24h: 60
11:12:22.676 [FXGL Background Thread 3 ] DEBUG Engine               - soundMenuBack: menu/back.wav
11:12:22.676 [FXGL Background Thread 3 ] DEBUG Engine               - soundMenuPress: menu/press.wav
11:12:22.676 [FXGL Background Thread 3 ] DEBUG Engine               - soundMenuSelect: menu/select.wav
11:12:22.676 [FXGL Background Thread 3 ] DEBUG Engine               - soundNotification: core/notification.wav
11:12:22.676 [FXGL Background Thread 3 ] DEBUG Engine               - stageStyle: DECORATED
11:12:22.676 [FXGL Background Thread 3 ] DEBUG Engine               - supportedLanguages: [ENGLISH, FRENCH, GERMAN, HUNGARIAN, RUSSIAN]
11:12:22.676 [FXGL Background Thread 3 ] DEBUG Engine               - ticksPerSecond: -1
11:12:22.677 [FXGL Background Thread 3 ] DEBUG Engine               - title: Overtale
11:12:22.677 [FXGL Background Thread 3 ] DEBUG Engine               - urlGithub: https://github.com/AlmasB/FXGL
11:12:22.677 [FXGL Background Thread 3 ] DEBUG Engine               - urlLeaderboard: http://fxgl-top.herokuapp.com/
11:12:22.677 [FXGL Background Thread 3 ] DEBUG Engine               - urlPOM: https://raw.githubusercontent.com/AlmasB/FXGL/release/README.md
11:12:22.677 [FXGL Background Thread 3 ] DEBUG Engine               - userAppClass: class at.htl.overtale.GameApp
11:12:22.677 [FXGL Background Thread 3 ] DEBUG Engine               - version: 0.1
11:12:22.677 [FXGL Background Thread 3 ] DEBUG Engine               - versionCheckDays: 7
11:12:22.677 [FXGL Background Thread 3 ] DEBUG Engine               - width: 800
11:12:22.677 [FXGL Background Thread 3 ] DEBUG Engine               - Logging services
11:12:22.677 [FXGL Background Thread 3 ] DEBUG Engine               - class com.almasb.fxgl.app.services.FXGLAssetLoaderService
11:12:22.677 [FXGL Background Thread 3 ] DEBUG Engine               - class com.almasb.fxgl.app.FXGLApplication$GameApplicationService
11:12:22.677 [FXGL Background Thread 3 ] DEBUG Engine               - class com.almasb.fxgl.app.services.FXGLDialogService
11:12:22.677 [FXGL Background Thread 3 ] DEBUG Engine               - class com.almasb.fxgl.app.services.IOTaskExecutorService
11:12:22.677 [FXGL Background Thread 3 ] DEBUG Engine               - class com.almasb.fxgl.io.FileSystemService
11:12:22.677 [FXGL Background Thread 3 ] DEBUG Engine               - class com.almasb.fxgl.localization.LocalizationService
11:12:22.677 [FXGL Background Thread 3 ] DEBUG Engine               - class com.almasb.fxgl.app.services.SystemBundleService
11:12:22.677 [FXGL Background Thread 3 ] DEBUG Engine               - class com.almasb.fxgl.profile.SaveLoadService
11:12:22.677 [FXGL Background Thread 3 ] DEBUG Engine               - class com.almasb.fxgl.ui.FXGLUIFactoryServiceProvider
11:12:22.677 [FXGL Background Thread 3 ] DEBUG Engine               - class com.almasb.fxgl.ui.FXGLDialogFactoryServiceProvider
11:12:22.677 [FXGL Background Thread 3 ] DEBUG Engine               - class com.almasb.fxgl.audio.AudioPlayer
11:12:22.678 [FXGL Background Thread 3 ] DEBUG Engine               - class com.almasb.fxgl.notification.impl.NotificationServiceProvider
11:12:22.678 [FXGL Background Thread 3 ] DEBUG Engine               - class com.almasb.fxgl.achievement.AchievementService
11:12:22.678 [FXGL Background Thread 3 ] DEBUG Engine               - class com.almasb.fxgl.cutscene.CutsceneService
11:12:22.678 [FXGL Background Thread 3 ] DEBUG Engine               - class com.almasb.fxgl.minigames.MiniGameService
11:12:22.678 [FXGL Background Thread 3 ] DEBUG Engine               - class com.almasb.fxgl.net.NetService
11:12:22.678 [FXGL Background Thread 3 ] DEBUG Engine               - class com.almasb.fxgl.app.services.UpdaterService
11:12:22.678 [FXGL Background Thread 3 ] DEBUG Engine               - class com.almasb.fxgl.dev.DevService
11:12:33.121 [JavaFX Application Thread] DEBUG FXGLApplication      - Exiting FXGL
11:12:33.121 [JavaFX Application Thread] DEBUG LoopRunner           - Stopping loop
11:12:33.121 [JavaFX Application Thread] DEBUG SystemBundleService  - Saving FXGL system data
11:12:33.123 [JavaFX Application Thread] DEBUG FileSystemAccess     - Writing to: /home/raphi/Documents/JavaWorkspace/Overtale/system/fxgl.bundle
11:12:33.126 [JavaFX Application Thread] DEBUG Async                - Shutting down background threads
11:12:33.126 [JavaFX Application Thread] DEBUG PrimaryStageWindow   - Closing main window
11:12:33.131 [JavaFX Application Thread] DEBUG Logger               - Closing Logger
