09:07:34.546 [main                     ] DEBUG Logger               - Configured Logger
09:07:34.559 [main                     ] DEBUG GameApplication      - Logging settings
Title: Overtale
Version: 0.1
Width: 800
Height: 600
Fullscreen: true
Intro: false
Profiling: false
Single step:false
App Mode: DEVELOPER
Menu Key: ESCAPE
Stage Style: DECORATED
Scene Factory: class com.almasb.fxgl.app.scene.SceneFactory

09:07:35.206 [JavaFX Application Thread] DEBUG FXGLApplication      - Initializing FXGL
09:07:35.210 [JavaFX Application Thread] INFO  Engine               - FXGL-17.3 (30.03.2023 11.49) on LINUX (J:25.0.1 FX:21.0.6)
09:07:35.210 [JavaFX Application Thread] DEBUG Engine               - JRE Vendor Name: Oracle Corporation
09:07:35.210 [JavaFX Application Thread] DEBUG Engine               - Running on OS: Linux version 6.19.10-1-cachyos
09:07:35.211 [JavaFX Application Thread] DEBUG Engine               - Architecture: amd64
09:07:35.211 [JavaFX Application Thread] INFO  Engine               - Source code and latest versions at: https://github.com/AlmasB/FXGL
09:07:35.211 [JavaFX Application Thread] INFO  Engine               -       Ask questions and discuss at: https://github.com/AlmasB/FXGL/discussions
09:07:35.211 [JavaFX Application Thread] INFO  Engine               -              Join the FXGL chat at: https://gitter.im/AlmasB/FXGL
09:07:35.314 [JavaFX Application Thread] DEBUG PrimaryStageWindow   - Creating a JavaFX scene
09:07:35.499 [JavaFX Application Thread] DEBUG PrimaryStageWindow   - Target settings size: 800.0 x 600.0
09:07:35.499 [JavaFX Application Thread] DEBUG PrimaryStageWindow   - Scaled scene size:    800.0 x 600.0
09:07:35.499 [JavaFX Application Thread] DEBUG PrimaryStageWindow   - Scaled ratio: (1.0, 1.0)
09:07:35.501 [JavaFX Application Thread] DEBUG PrimaryStageWindow   - Set initial scene to FXGLStartupScene
09:07:35.505 [JavaFX Application Thread] DEBUG PrimaryStageWindow   - Opening main window
09:07:35.575 [JavaFX Application Thread] DEBUG PrimaryStageWindow   - Window border size: (0.0, 35.0)
09:07:35.575 [JavaFX Application Thread] DEBUG PrimaryStageWindow   - Scaled size: 800.0 x 565.0
09:07:35.576 [JavaFX Application Thread] DEBUG PrimaryStageWindow   - Scaled ratio: (1.0, 0.9416666666666667)
09:07:35.576 [JavaFX Application Thread] DEBUG PrimaryStageWindow   - Scene size: 800.0 x 600.0
09:07:35.576 [JavaFX Application Thread] DEBUG PrimaryStageWindow   - Stage size: 800.0 x 600.0
09:07:35.577 [JavaFX Application Thread] DEBUG PrimaryStageWindow   - Going fullscreen
09:07:35.583 [FXGL Background Thread 1 ] DEBUG Engine               - Initializing environment variables
09:07:35.715 [FXGL Background Thread 1 ] DEBUG FXGLAssetLoaderServi - User app class for loading assets: class at.htl.overtale.GameApp
09:07:35.715 [FXGL Background Thread 1 ] DEBUG GameApplicationServi - Applying CSS: fxgl_dark.css
09:07:35.718 [FXGL Background Thread 1 ] DEBUG FXGLAssetLoaderServi - Loading from file system: jar:file:///home/daniel/.m2/repository/com/github/almasb/fxgl/17.3/fxgl-17.3.jar!/fxglassets/ui/css/fxgl_dark.css
09:07:35.883 [FXGL Background Thread 1 ] DEBUG GameApplicationServi - Initializing application scenes
09:07:36.153 [FXGL Background Thread 1 ] DEBUG GameWorld            - Game world initialized
09:07:36.244 [FXGL Background Thread 1 ] DEBUG PhysicsWorld         - Physics world initialized: appHeight=600, physics.ppm=50.0
09:07:36.244 [FXGL Background Thread 1 ] DEBUG PhysicsWorld         - Using strategy: BRUTE_FORCE
09:07:36.247 [FXGL Background Thread 1 ] DEBUG GameScene            - Game scene initialized: 800x600
09:07:36.257 [FXGL Background Thread 1 ] DEBUG FXGL.DefaultMenu     - createMenuBodyGameMenu()
09:07:36.270 [FXGL Background Thread 1 ] DEBUG FXGL.DefaultMenu     - createOptionsMenu()
09:07:36.279 [FXGL Background Thread 1 ] DEBUG FXGLAssetLoaderServi - Loading from file system: jar:file:///home/daniel/.m2/repository/com/github/almasb/fxgl/17.3/fxgl-17.3.jar!/fxglassets/textures/particles/smoke.png
09:07:36.361 [FXGL Background Thread 1 ] DEBUG FXGLAssetLoaderServi - Loading from file system: jar:file:///home/daniel/.m2/repository/com/github/almasb/fxgl/17.3/fxgl-17.3.jar!/fxglassets/textures/particles/trace_horizontal.png
09:07:36.387 [FXGL Background Thread 1 ] DEBUG GameApplicationServi - Application scenes initialized
09:07:36.395 [FXGL Background Thread 1 ] DEBUG SystemBundleService  - Loading FXGL system data
09:07:36.396 [FXGL Background Thread 1 ] DEBUG FileSystemAccess     - Reading from: /home/daniel/IdeaProjects/Overtale/system/fxgl.bundle
09:07:36.398 [FXGL Background Thread 1 ] DEBUG SystemBundleService  - Bundle FXGL: {}
09:07:36.398 [FXGL Background Thread 1 ] DEBUG UpdaterService       - Checking for updates
09:07:36.401 [FXGL Background Thread 4 ] DEBUG FXGLApplication      - Loading fonts
09:07:36.402 [FXGL Background Thread 4 ] DEBUG FXGLAssetLoaderServi - Loading from file system: jar:file:///home/daniel/.m2/repository/com/github/almasb/fxgl/17.3/fxgl-17.3.jar!/fxglassets/ui/fonts/VarelaRound-Regular.ttf
09:07:36.402 [FXGL Background Thread 1 ] DEBUG FXGLApplication      - Loading default localization
09:07:36.403 [FXGL Background Thread 1 ] DEBUG FXGLAssetLoaderServi - Loading from file system: jar:file:///home/daniel/.m2/repository/com/github/almasb/fxgl/17.3/fxgl-17.3.jar!/fxglassets/languages/english.lang
09:07:36.407 [FXGL Background Thread 4 ] DEBUG FXGLAssetLoaderServi - Loading from file system: jar:file:///home/daniel/.m2/repository/com/github/almasb/fxgl/17.3/fxgl-17.3.jar!/fxglassets/ui/fonts/Abel-Regular.ttf
09:07:36.409 [FXGL Background Thread 4 ] DEBUG FXGLAssetLoaderServi - Loading from file system: jar:file:///home/daniel/.m2/repository/com/github/almasb/fxgl/17.3/fxgl-17.3.jar!/fxglassets/ui/fonts/TerminalLandMono-Regular.otf
09:07:36.410 [FXGL Background Thread 4 ] DEBUG FXGLAssetLoaderServi - Loading from file system: jar:file:///home/daniel/.m2/repository/com/github/almasb/fxgl/17.3/fxgl-17.3.jar!/fxglassets/ui/fonts/Courier-Prime.ttf
09:07:36.416 [FXGL Background Thread 1 ] INFO  FXGLApplication      - FXGL initialization took: 0.832 sec
09:07:36.414 [JavaFX Application Thread] DEBUG FXGLApplication      - Registering font factories with UI factory
09:07:36.425 [JavaFX Application Thread] DEBUG Input                - Registered new binding: action0 - W
09:07:36.426 [JavaFX Application Thread] DEBUG Input                - Registered new binding: action1 - S
09:07:36.426 [JavaFX Application Thread] DEBUG Input                - Registered new binding: action2 - D
09:07:36.426 [JavaFX Application Thread] DEBUG Input                - Registered new binding: action3 - A
09:07:36.427 [JavaFX Application Thread] DEBUG Input                - Registered new binding: action4 - Up
09:07:36.427 [JavaFX Application Thread] DEBUG Input                - Registered new binding: action5 - Down
09:07:36.427 [JavaFX Application Thread] DEBUG Input                - Registered new binding: action6 - Left
09:07:36.427 [JavaFX Application Thread] DEBUG Input                - Registered new binding: action7 - Right
09:07:36.428 [JavaFX Application Thread] DEBUG Input                - Registered new binding: action8 - X
09:07:36.428 [JavaFX Application Thread] DEBUG Input                - Registered new binding: action9 - Q
09:07:36.428 [JavaFX Application Thread] DEBUG Input                - Registered new binding: action10 - Z
09:07:36.429 [JavaFX Application Thread] DEBUG Input                - Registered new binding: action11 - E
09:07:36.430 [JavaFX Application Thread] DEBUG FXGLAssetLoaderServi - Loading from file system: jar:file:///home/daniel/.m2/repository/com/github/almasb/fxgl/17.3/fxgl-17.3.jar!/fxglassets/textures/fxgl_icon.png
09:07:36.466 [JavaFX Application Thread] DEBUG FXGLAssetLoaderServi - Loading from file system: jar:file:///home/daniel/.m2/repository/com/github/almasb/fxgl/17.3/fxgl-17.3.jar!/fxglassets/textures/fxgl_default_cursor.png
09:07:36.468 [JavaFX Application Thread] DEBUG Input                - Registered new binding: Screenshot - CTRL+8
09:07:36.470 [JavaFX Application Thread] DEBUG Input                - Registered new binding: System info dump - CTRL+9
09:07:36.470 [JavaFX Application Thread] DEBUG Input                - Registered new binding: Restart - CTRL+R
09:07:36.471 [JavaFX Application Thread] DEBUG Input                - Registered new binding: Toggle Debug Camera - CTRL+7
09:07:36.474 [JavaFX Application Thread] DEBUG LoopRunner           - Starting loop
09:07:36.474 [JavaFX Application Thread] DEBUG LoopRunner           - Initializing JavaFX AnimationTimerLoop
09:07:36.475 [JavaFX Application Thread] DEBUG GameApplicationServi - Starting new game
09:07:36.475 [JavaFX Application Thread] DEBUG Input                - Clearing active input actions
09:07:36.485 [JavaFX Application Thread] DEBUG GameApplicationServi - Removing overlay from FXGLStartupScene and adding to FXGLLoadingScene
09:07:36.486 [JavaFX Application Thread] DEBUG PrimaryStageWindow   - FXGLStartupScene -> FXGLLoadingScene
09:07:36.486 [JavaFX Application Thread] DEBUG GameApplicationServi - Clearing previous game
09:07:36.486 [JavaFX Application Thread] DEBUG GameScene            - Clearing game scene
09:07:36.486 [JavaFX Application Thread] DEBUG GameWorld            - Clearing game world
09:07:36.486 [JavaFX Application Thread] DEBUG PhysicsWorld         - Clearing physics world
09:07:36.487 [FXGL Background Thread 1 ] DEBUG FXGLApplication      - Initializing game
09:07:36.550 [FXGL Background Thread 1 ] WARN  TMXLevelLoader       - TiledMap generated from 1.12.1. Supported version: 1.9.0. Some features may not be parsed fully.
09:07:36.560 [FXGL Background Thread 1 ] DEBUG TMXLevelLoader       - Parsed TiledMap: file:/home/daniel/IdeaProjects/Overtale/target/classes/assets/levels/TestMap1.tmx
09:07:36.561 [FXGL Background Thread 1 ] DEBUG TMXLevelLoader       - Creating tile layer entities
09:07:36.564 [FXGL Background Thread 1 ] DEBUG TilesetLoader        - Loading view for layer Tile Layer 1
09:07:36.567 [FXGL Background Thread 1 ] DEBUG TilesetLoader        - Created buffer with size 960.0x960.0
09:07:36.569 [FXGL Background Thread 1 ] DEBUG TilesetLoader        - Loading view for layer path_layer
09:07:36.572 [FXGL Background Thread 1 ] DEBUG TilesetLoader        - Created buffer with size 960.0x960.0
09:07:36.574 [FXGL Background Thread 1 ] WARN  TilesetLoader        - path_tiles.png cannot be loaded using mapURL=file:/home/daniel/IdeaProjects/Overtale/target/classes/assets/levels/TestMap1.tmx
java.io.FileNotFoundException: /home/daniel/IdeaProjects/Overtale/target/classes/assets/levels/path_tiles.png (No such file or directory)
	at java.base/java.io.FileInputStream.open0(Native Method)
	at java.base/java.io.FileInputStream.open(FileInputStream.java:185)
	at java.base/java.io.FileInputStream.<init>(FileInputStream.java:139)
	at java.base/java.io.FileInputStream.<init>(FileInputStream.java:109)
	at java.base/sun.net.www.protocol.file.FileURLConnection.connect(FileURLConnection.java:86)
	at java.base/sun.net.www.protocol.file.FileURLConnection.getInputStream(FileURLConnection.java:183)
	at java.base/java.net.URL.openStream(URL.java:1263)
	at com.almasb.fxgl.entity@17.3/com.almasb.fxgl.entity.level.tiled.TilesetLoader.loadImage(TilesetLoader.kt:426)
	at com.almasb.fxgl.entity@17.3/com.almasb.fxgl.entity.level.tiled.TilesetLoader.loadView(TilesetLoader.kt:133)
	at com.almasb.fxgl.entity@17.3/com.almasb.fxgl.entity.level.tiled.TMXLevelLoader$createTileLayerEntities$1.invoke(TMXLevelLoader.kt:100)
	at com.almasb.fxgl.entity@17.3/com.almasb.fxgl.entity.level.tiled.TMXLevelLoader$createTileLayerEntities$1.invoke(TMXLevelLoader.kt:89)
	at com.almasb.fxgl.entity@17.3/com.almasb.fxgl.entity.level.tiled.TMXLevelLoader.createTileLayerEntities$lambda$3(TMXLevelLoader.kt:89)
	at java.base/java.util.stream.ReferencePipeline$3$1.accept(ReferencePipeline.java:214)
	at java.base/java.util.ArrayList$ArrayListSpliterator.forEachRemaining(ArrayList.java:1716)
	at java.base/java.util.stream.AbstractPipeline.copyInto(AbstractPipeline.java:570)
	at java.base/java.util.stream.AbstractPipeline.wrapAndCopyInto(AbstractPipeline.java:560)
	at java.base/java.util.stream.ReduceOps$ReduceOp.evaluateSequential(ReduceOps.java:921)
	at java.base/java.util.stream.AbstractPipeline.evaluate(AbstractPipeline.java:265)
	at java.base/java.util.stream.ReferencePipeline.collect(ReferencePipeline.java:723)
	at com.almasb.fxgl.entity@17.3/com.almasb.fxgl.entity.level.tiled.TMXLevelLoader.createTileLayerEntities(TMXLevelLoader.kt:117)
	at com.almasb.fxgl.entity@17.3/com.almasb.fxgl.entity.level.tiled.TMXLevelLoader.load(TMXLevelLoader.kt:58)
	at com.almasb.fxgl.all@17.3/com.almasb.fxgl.app.services.FXGLAssetLoaderService.loadLevel(FXGLAssetLoaderService.kt:430)
	at com.almasb.fxgl.all@17.3/com.almasb.fxgl.dsl.FXGL$Companion.setLevelFromMap(FXGL.kt:634)
	at com.almasb.fxgl.all@17.3/com.almasb.fxgl.dsl.FXGL.setLevelFromMap(FXGL.kt)
	at at.htl.overtale@1.0-SNAPSHOT/at.htl.overtale.GameApp.initGame(GameApp.java:233)
	at com.almasb.fxgl.all@17.3/com.almasb.fxgl.app.FXGLApplication$InitAppTask.initGame(FXGLApplication.kt:339)
	at com.almasb.fxgl.all@17.3/com.almasb.fxgl.app.FXGLApplication$InitAppTask.call(FXGLApplication.kt:319)
	at com.almasb.fxgl.all@17.3/com.almasb.fxgl.app.FXGLApplication$InitAppTask.call(FXGLApplication.kt:311)
	at javafx.graphics@21.0.6/javafx.concurrent.Task$TaskCallable.call(Task.java:1399)
	at java.base/java.util.concurrent.FutureTask.run(FutureTask.java:328)
	at java.base/java.util.concurrent.Executors$RunnableAdapter.call(Executors.java:545)
	at java.base/java.util.concurrent.FutureTask.run(FutureTask.java:328)
	at java.base/java.util.concurrent.ThreadPoolExecutor.runWorker(ThreadPoolExecutor.java:1090)
	at java.base/java.util.concurrent.ThreadPoolExecutor$Worker.run(ThreadPoolExecutor.java:614)
	at java.base/java.lang.Thread.run(Thread.java:1474)

09:07:36.682 [FXGL Background Thread 1 ] DEBUG TMXLevelLoader       - Creating object layer entities
09:07:36.683 [FXGL Background Thread 1 ] DEBUG GameWorld            - Clearing removable entities
09:07:36.685 [FXGL Background Thread 1 ] DEBUG GameWorld            - Setting level: com.almasb.fxgl.entity.level.Level@29d23958
09:07:36.770 [FXGL Background Thread 1 ] INFO  FXGLApplication      - Game initialization took: 0.283 sec
09:07:36.783 [JavaFX Application Thread] DEBUG Input                - Clearing active input actions
09:07:36.806 [JavaFX Application Thread] DEBUG GameApplicationServi - Removing overlay from FXGLLoadingScene and adding to GameScene
09:07:36.807 [JavaFX Application Thread] DEBUG PrimaryStageWindow   - FXGLLoadingScene -> GameScene
09:07:37.199 [FXGL Background Thread 2 ] INFO  UpdaterService       - Your current version:  17.3
09:07:37.199 [FXGL Background Thread 2 ] INFO  UpdaterService       - Latest stable version: 25
09:07:39.031 [JavaFX Application Thread] DEBUG FXGLApplication      - Exiting FXGL
09:07:39.031 [JavaFX Application Thread] DEBUG LoopRunner           - Stopping loop
09:07:39.031 [JavaFX Application Thread] DEBUG SystemBundleService  - Saving FXGL system data
09:07:39.034 [JavaFX Application Thread] DEBUG FileSystemAccess     - Writing to: /home/daniel/IdeaProjects/Overtale/system/fxgl.bundle
09:07:39.036 [JavaFX Application Thread] DEBUG Async                - Shutting down background threads
09:07:39.037 [JavaFX Application Thread] DEBUG PrimaryStageWindow   - Closing main window
09:07:39.044 [JavaFX Application Thread] DEBUG Logger               - Closing Logger
