08:58:09.974 [main                     ] DEBUG Logger               - Configured Logger
08:58:09.988 [main                     ] DEBUG GameApplication      - Logging settings
Title: Overtale
Version: 0.1
Width: 800
Height: 600
Fullscreen: true
Intro: false
Profiling: false
Single step:false
App Mode: DEVELOPER
Menu Key: ESCAPE
Stage Style: DECORATED
Scene Factory: class com.almasb.fxgl.app.scene.SceneFactory

08:58:10.472 [JavaFX Application Thread] DEBUG FXGLApplication      - Initializing FXGL
08:58:10.477 [JavaFX Application Thread] INFO  Engine               - FXGL-17.3 (30.03.2023 11.49) on LINUX (J:25.0.1 FX:21.0.6)
08:58:10.477 [JavaFX Application Thread] DEBUG Engine               - JRE Vendor Name: Oracle Corporation
08:58:10.477 [JavaFX Application Thread] DEBUG Engine               - Running on OS: Linux version 6.19.10-1-cachyos
08:58:10.477 [JavaFX Application Thread] DEBUG Engine               - Architecture: amd64
08:58:10.478 [JavaFX Application Thread] INFO  Engine               - Source code and latest versions at: https://github.com/AlmasB/FXGL
08:58:10.478 [JavaFX Application Thread] INFO  Engine               -       Ask questions and discuss at: https://github.com/AlmasB/FXGL/discussions
08:58:10.478 [JavaFX Application Thread] INFO  Engine               -              Join the FXGL chat at: https://gitter.im/AlmasB/FXGL
08:58:10.583 [JavaFX Application Thread] DEBUG PrimaryStageWindow   - Creating a JavaFX scene
08:58:10.746 [JavaFX Application Thread] DEBUG PrimaryStageWindow   - Target settings size: 800.0 x 600.0
08:58:10.746 [JavaFX Application Thread] DEBUG PrimaryStageWindow   - Scaled scene size:    800.0 x 600.0
08:58:10.746 [JavaFX Application Thread] DEBUG PrimaryStageWindow   - Scaled ratio: (1.0, 1.0)
08:58:10.748 [JavaFX Application Thread] DEBUG PrimaryStageWindow   - Set initial scene to FXGLStartupScene
08:58:10.754 [JavaFX Application Thread] DEBUG PrimaryStageWindow   - Opening main window
08:58:10.821 [JavaFX Application Thread] DEBUG PrimaryStageWindow   - Window border size: (0.0, 35.0)
08:58:10.821 [JavaFX Application Thread] DEBUG PrimaryStageWindow   - Scaled size: 800.0 x 565.0
08:58:10.821 [JavaFX Application Thread] DEBUG PrimaryStageWindow   - Scaled ratio: (1.0, 0.9416666666666667)
08:58:10.821 [JavaFX Application Thread] DEBUG PrimaryStageWindow   - Scene size: 800.0 x 600.0
08:58:10.821 [JavaFX Application Thread] DEBUG PrimaryStageWindow   - Stage size: 800.0 x 600.0
08:58:10.822 [JavaFX Application Thread] DEBUG PrimaryStageWindow   - Going fullscreen
08:58:10.829 [FXGL Background Thread 1 ] DEBUG Engine               - Initializing environment variables
08:58:10.939 [FXGL Background Thread 1 ] DEBUG FXGLAssetLoaderServi - User app class for loading assets: class at.htl.overtale.GameApp
08:58:10.940 [FXGL Background Thread 1 ] DEBUG GameApplicationServi - Applying CSS: fxgl_dark.css
08:58:10.941 [FXGL Background Thread 1 ] DEBUG FXGLAssetLoaderServi - Loading from file system: jar:file:///home/daniel/.m2/repository/com/github/almasb/fxgl/17.3/fxgl-17.3.jar!/fxglassets/ui/css/fxgl_dark.css
08:58:11.074 [FXGL Background Thread 1 ] DEBUG GameApplicationServi - Initializing application scenes
08:58:11.329 [FXGL Background Thread 1 ] DEBUG GameWorld            - Game world initialized
08:58:11.399 [FXGL Background Thread 1 ] DEBUG PhysicsWorld         - Physics world initialized: appHeight=600, physics.ppm=50.0
08:58:11.400 [FXGL Background Thread 1 ] DEBUG PhysicsWorld         - Using strategy: BRUTE_FORCE
08:58:11.405 [FXGL Background Thread 1 ] DEBUG GameScene            - Game scene initialized: 800x600
08:58:11.426 [FXGL Background Thread 1 ] DEBUG FXGL.DefaultMenu     - createMenuBodyGameMenu()
08:58:11.448 [FXGL Background Thread 1 ] DEBUG FXGL.DefaultMenu     - createOptionsMenu()
08:58:11.460 [FXGL Background Thread 1 ] DEBUG FXGLAssetLoaderServi - Loading from file system: jar:file:///home/daniel/.m2/repository/com/github/almasb/fxgl/17.3/fxgl-17.3.jar!/fxglassets/textures/particles/smoke.png
08:58:11.562 [FXGL Background Thread 1 ] DEBUG FXGLAssetLoaderServi - Loading from file system: jar:file:///home/daniel/.m2/repository/com/github/almasb/fxgl/17.3/fxgl-17.3.jar!/fxglassets/textures/particles/trace_horizontal.png
08:58:11.585 [FXGL Background Thread 1 ] DEBUG GameApplicationServi - Application scenes initialized
08:58:11.595 [FXGL Background Thread 1 ] DEBUG SystemBundleService  - Loading FXGL system data
08:58:11.596 [FXGL Background Thread 1 ] DEBUG FileSystemAccess     - Reading from: /home/daniel/IdeaProjects/Overtale/system/fxgl.bundle
08:58:11.598 [FXGL Background Thread 1 ] DEBUG SystemBundleService  - Bundle FXGL: {}
08:58:11.598 [FXGL Background Thread 1 ] DEBUG UpdaterService       - Checking for updates
08:58:11.602 [FXGL Background Thread 4 ] DEBUG FXGLApplication      - Loading fonts
08:58:11.603 [FXGL Background Thread 4 ] DEBUG FXGLAssetLoaderServi - Loading from file system: jar:file:///home/daniel/.m2/repository/com/github/almasb/fxgl/17.3/fxgl-17.3.jar!/fxglassets/ui/fonts/VarelaRound-Regular.ttf
08:58:11.603 [FXGL Background Thread 1 ] DEBUG FXGLApplication      - Loading default localization
08:58:11.604 [FXGL Background Thread 1 ] DEBUG FXGLAssetLoaderServi - Loading from file system: jar:file:///home/daniel/.m2/repository/com/github/almasb/fxgl/17.3/fxgl-17.3.jar!/fxglassets/languages/english.lang
08:58:11.610 [FXGL Background Thread 4 ] DEBUG FXGLAssetLoaderServi - Loading from file system: jar:file:///home/daniel/.m2/repository/com/github/almasb/fxgl/17.3/fxgl-17.3.jar!/fxglassets/ui/fonts/Abel-Regular.ttf
08:58:11.611 [FXGL Background Thread 4 ] DEBUG FXGLAssetLoaderServi - Loading from file system: jar:file:///home/daniel/.m2/repository/com/github/almasb/fxgl/17.3/fxgl-17.3.jar!/fxglassets/ui/fonts/TerminalLandMono-Regular.otf
08:58:11.614 [FXGL Background Thread 4 ] DEBUG FXGLAssetLoaderServi - Loading from file system: jar:file:///home/daniel/.m2/repository/com/github/almasb/fxgl/17.3/fxgl-17.3.jar!/fxglassets/ui/fonts/Courier-Prime.ttf
08:58:11.617 [JavaFX Application Thread] DEBUG FXGLApplication      - Registering font factories with UI factory
08:58:11.623 [FXGL Background Thread 1 ] INFO  FXGLApplication      - FXGL initialization took: 0.794 sec
08:58:11.633 [JavaFX Application Thread] DEBUG Input                - Registered new binding: action0 - W
08:58:11.633 [JavaFX Application Thread] DEBUG Input                - Registered new binding: action1 - S
08:58:11.634 [JavaFX Application Thread] DEBUG Input                - Registered new binding: action2 - D
08:58:11.634 [JavaFX Application Thread] DEBUG Input                - Registered new binding: action3 - A
08:58:11.635 [JavaFX Application Thread] DEBUG Input                - Registered new binding: action4 - Up
08:58:11.635 [JavaFX Application Thread] DEBUG Input                - Registered new binding: action5 - Down
08:58:11.635 [JavaFX Application Thread] DEBUG Input                - Registered new binding: action6 - Left
08:58:11.636 [JavaFX Application Thread] DEBUG Input                - Registered new binding: action7 - Right
08:58:11.636 [JavaFX Application Thread] DEBUG Input                - Registered new binding: action8 - X
08:58:11.636 [JavaFX Application Thread] DEBUG Input                - Registered new binding: action9 - Q
08:58:11.636 [JavaFX Application Thread] DEBUG Input                - Registered new binding: action10 - Z
08:58:11.637 [JavaFX Application Thread] DEBUG Input                - Registered new binding: action11 - E
08:58:11.637 [JavaFX Application Thread] DEBUG FXGLAssetLoaderServi - Loading from file system: jar:file:///home/daniel/.m2/repository/com/github/almasb/fxgl/17.3/fxgl-17.3.jar!/fxglassets/textures/fxgl_icon.png
08:58:11.672 [JavaFX Application Thread] DEBUG FXGLAssetLoaderServi - Loading from file system: jar:file:///home/daniel/.m2/repository/com/github/almasb/fxgl/17.3/fxgl-17.3.jar!/fxglassets/textures/fxgl_default_cursor.png
08:58:11.676 [JavaFX Application Thread] DEBUG Input                - Registered new binding: Screenshot - CTRL+8
08:58:11.677 [JavaFX Application Thread] DEBUG Input                - Registered new binding: System info dump - CTRL+9
08:58:11.677 [JavaFX Application Thread] DEBUG Input                - Registered new binding: Restart - CTRL+R
08:58:11.677 [JavaFX Application Thread] DEBUG Input                - Registered new binding: Toggle Debug Camera - CTRL+7
08:58:11.680 [JavaFX Application Thread] DEBUG LoopRunner           - Starting loop
08:58:11.681 [JavaFX Application Thread] DEBUG LoopRunner           - Initializing JavaFX AnimationTimerLoop
08:58:11.682 [JavaFX Application Thread] DEBUG GameApplicationServi - Starting new game
08:58:11.682 [JavaFX Application Thread] DEBUG Input                - Clearing active input actions
08:58:11.694 [JavaFX Application Thread] DEBUG GameApplicationServi - Removing overlay from FXGLStartupScene and adding to FXGLLoadingScene
08:58:11.694 [JavaFX Application Thread] DEBUG PrimaryStageWindow   - FXGLStartupScene -> FXGLLoadingScene
08:58:11.694 [JavaFX Application Thread] DEBUG GameApplicationServi - Clearing previous game
08:58:11.694 [JavaFX Application Thread] DEBUG GameScene            - Clearing game scene
08:58:11.694 [JavaFX Application Thread] DEBUG GameWorld            - Clearing game world
08:58:11.695 [JavaFX Application Thread] DEBUG PhysicsWorld         - Clearing physics world
08:58:11.696 [FXGL Background Thread 1 ] DEBUG FXGLApplication      - Initializing game
08:58:11.750 [FXGL Background Thread 1 ] WARN  TMXLevelLoader       - TiledMap generated from 1.12.1. Supported version: 1.9.0. Some features may not be parsed fully.
08:58:11.758 [FXGL Background Thread 1 ] DEBUG TMXLevelLoader       - Parsed TiledMap: file:/home/daniel/IdeaProjects/Overtale/target/classes/assets/levels/TestMap1.tmx
08:58:11.760 [FXGL Background Thread 1 ] DEBUG TMXLevelLoader       - Creating tile layer entities
08:58:11.763 [FXGL Background Thread 1 ] DEBUG TilesetLoader        - Loading view for layer Tile Layer 1
08:58:11.765 [FXGL Background Thread 1 ] DEBUG TilesetLoader        - Created buffer with size 960.0x960.0
08:58:11.766 [FXGL Background Thread 1 ] DEBUG TilesetLoader        - Loading view for layer path_layer
08:58:11.768 [FXGL Background Thread 1 ] DEBUG TilesetLoader        - Created buffer with size 960.0x960.0
08:58:11.771 [FXGL Background Thread 1 ] WARN  TilesetLoader        - path_tiles.png cannot be loaded using mapURL=file:/home/daniel/IdeaProjects/Overtale/target/classes/assets/levels/TestMap1.tmx
java.io.FileNotFoundException: /home/daniel/IdeaProjects/Overtale/target/classes/assets/levels/path_tiles.png (No such file or directory)
	at java.base/java.io.FileInputStream.open0(Native Method)
	at java.base/java.io.FileInputStream.open(FileInputStream.java:185)
	at java.base/java.io.FileInputStream.<init>(FileInputStream.java:139)
	at java.base/java.io.FileInputStream.<init>(FileInputStream.java:109)
	at java.base/sun.net.www.protocol.file.FileURLConnection.connect(FileURLConnection.java:86)
	at java.base/sun.net.www.protocol.file.FileURLConnection.getInputStream(FileURLConnection.java:183)
	at java.base/java.net.URL.openStream(URL.java:1263)
	at com.almasb.fxgl.entity@17.3/com.almasb.fxgl.entity.level.tiled.TilesetLoader.loadImage(TilesetLoader.kt:426)
	at com.almasb.fxgl.entity@17.3/com.almasb.fxgl.entity.level.tiled.TilesetLoader.loadView(TilesetLoader.kt:133)
	at com.almasb.fxgl.entity@17.3/com.almasb.fxgl.entity.level.tiled.TMXLevelLoader$createTileLayerEntities$1.invoke(TMXLevelLoader.kt:100)
	at com.almasb.fxgl.entity@17.3/com.almasb.fxgl.entity.level.tiled.TMXLevelLoader$createTileLayerEntities$1.invoke(TMXLevelLoader.kt:89)
	at com.almasb.fxgl.entity@17.3/com.almasb.fxgl.entity.level.tiled.TMXLevelLoader.createTileLayerEntities$lambda$3(TMXLevelLoader.kt:89)
	at java.base/java.util.stream.ReferencePipeline$3$1.accept(ReferencePipeline.java:214)
	at java.base/java.util.ArrayList$ArrayListSpliterator.forEachRemaining(ArrayList.java:1716)
	at java.base/java.util.stream.AbstractPipeline.copyInto(AbstractPipeline.java:570)
	at java.base/java.util.stream.AbstractPipeline.wrapAndCopyInto(AbstractPipeline.java:560)
	at java.base/java.util.stream.ReduceOps$ReduceOp.evaluateSequential(ReduceOps.java:921)
	at java.base/java.util.stream.AbstractPipeline.evaluate(AbstractPipeline.java:265)
	at java.base/java.util.stream.ReferencePipeline.collect(ReferencePipeline.java:723)
	at com.almasb.fxgl.entity@17.3/com.almasb.fxgl.entity.level.tiled.TMXLevelLoader.createTileLayerEntities(TMXLevelLoader.kt:117)
	at com.almasb.fxgl.entity@17.3/com.almasb.fxgl.entity.level.tiled.TMXLevelLoader.load(TMXLevelLoader.kt:58)
	at com.almasb.fxgl.all@17.3/com.almasb.fxgl.app.services.FXGLAssetLoaderService.loadLevel(FXGLAssetLoaderService.kt:430)
	at com.almasb.fxgl.all@17.3/com.almasb.fxgl.dsl.FXGL$Companion.setLevelFromMap(FXGL.kt:634)
	at com.almasb.fxgl.all@17.3/com.almasb.fxgl.dsl.FXGL.setLevelFromMap(FXGL.kt)
	at at.htl.overtale@1.0-SNAPSHOT/at.htl.overtale.GameApp.initGame(GameApp.java:233)
	at com.almasb.fxgl.all@17.3/com.almasb.fxgl.app.FXGLApplication$InitAppTask.initGame(FXGLApplication.kt:339)
	at com.almasb.fxgl.all@17.3/com.almasb.fxgl.app.FXGLApplication$InitAppTask.call(FXGLApplication.kt:319)
	at com.almasb.fxgl.all@17.3/com.almasb.fxgl.app.FXGLApplication$InitAppTask.call(FXGLApplication.kt:311)
	at javafx.graphics@21.0.6/javafx.concurrent.Task$TaskCallable.call(Task.java:1399)
	at java.base/java.util.concurrent.FutureTask.run(FutureTask.java:328)
	at java.base/java.util.concurrent.Executors$RunnableAdapter.call(Executors.java:545)
	at java.base/java.util.concurrent.FutureTask.run(FutureTask.java:328)
	at java.base/java.util.concurrent.ThreadPoolExecutor.runWorker(ThreadPoolExecutor.java:1090)
	at java.base/java.util.concurrent.ThreadPoolExecutor$Worker.run(ThreadPoolExecutor.java:614)
	at java.base/java.lang.Thread.run(Thread.java:1474)

08:58:11.900 [FXGL Background Thread 1 ] DEBUG TMXLevelLoader       - Creating object layer entities
08:58:11.901 [FXGL Background Thread 1 ] DEBUG GameWorld            - Clearing removable entities
08:58:11.902 [FXGL Background Thread 1 ] DEBUG GameWorld            - Setting level: com.almasb.fxgl.entity.level.Level@4b7e1ea5
08:58:11.989 [FXGL Background Thread 1 ] INFO  FXGLApplication      - Game initialization took: 0.293 sec
08:58:12.002 [JavaFX Application Thread] DEBUG Input                - Clearing active input actions
08:58:12.028 [JavaFX Application Thread] DEBUG GameApplicationServi - Removing overlay from FXGLLoadingScene and adding to GameScene
08:58:12.028 [JavaFX Application Thread] DEBUG PrimaryStageWindow   - FXGLLoadingScene -> GameScene
08:58:12.358 [FXGL Background Thread 2 ] INFO  UpdaterService       - Your current version:  17.3
08:58:12.359 [FXGL Background Thread 2 ] INFO  UpdaterService       - Latest stable version: 25
08:58:14.601 [FXGL Background Thread 3 ] DEBUG Engine               - Logging environment variables
08:58:14.602 [FXGL Background Thread 3 ] DEBUG Engine               - achievements: []
08:58:14.602 [FXGL Background Thread 3 ] DEBUG Engine               - actualHeight: 600.0
08:58:14.602 [FXGL Background Thread 3 ] DEBUG Engine               - actualHeightProperty: ReadOnlyDoubleProperty [value: 1080.0]
08:58:14.602 [FXGL Background Thread 3 ] DEBUG Engine               - actualWidth: 800.0
08:58:14.602 [FXGL Background Thread 3 ] DEBUG Engine               - actualWidthProperty: ReadOnlyDoubleProperty [value: 1920.0]
08:58:14.602 [FXGL Background Thread 3 ] DEBUG Engine               - appIcon: fxgl_icon.png
08:58:14.602 [FXGL Background Thread 3 ] DEBUG Engine               - applicationMode: DEVELOPER
08:58:14.602 [FXGL Background Thread 3 ] DEBUG Engine               - cSSList: [fxgl_dark.css]
08:58:14.602 [FXGL Background Thread 3 ] DEBUG Engine               - collisionDetectionStrategy: BRUTE_FORCE
08:58:14.602 [FXGL Background Thread 3 ] DEBUG Engine               - configClass: Optional.empty
08:58:14.603 [FXGL Background Thread 3 ] DEBUG Engine               - credits: []
08:58:14.603 [FXGL Background Thread 3 ] DEBUG Engine               - defaultCursor: CursorInfo(imageName=fxgl_default_cursor.png, hotspotX=7.0, hotspotY=6.0)
08:58:14.603 [FXGL Background Thread 3 ] DEBUG Engine               - devBBoxColorProperty: ObjectProperty [value: 0xff0000ff]
08:58:14.603 [FXGL Background Thread 3 ] DEBUG Engine               - devEnableDebugCameraProperty: BooleanProperty [value: false]
08:58:14.603 [FXGL Background Thread 3 ] DEBUG Engine               - devSensorColorProperty: ObjectProperty [value: 0xffff00ff]
08:58:14.603 [FXGL Background Thread 3 ] DEBUG Engine               - devShowBBoxProperty: BooleanProperty [value: false]
08:58:14.603 [FXGL Background Thread 3 ] DEBUG Engine               - devShowPositionProperty: BooleanProperty [value: false]
08:58:14.603 [FXGL Background Thread 3 ] DEBUG Engine               - enabledMenuItems: []
08:58:14.603 [FXGL Background Thread 3 ] DEBUG Engine               - engineServices: [class com.almasb.fxgl.app.services.FXGLAssetLoaderService, class com.almasb.fxgl.app.FXGLApplication$GameApplicationService, class com.almasb.fxgl.app.services.FXGLDialogService, class com.almasb.fxgl.app.services.IOTaskExecutorService, class com.almasb.fxgl.io.FileSystemService, class com.almasb.fxgl.localization.LocalizationService, class com.almasb.fxgl.app.services.SystemBundleService, class com.almasb.fxgl.profile.SaveLoadService, class com.almasb.fxgl.ui.FXGLUIFactoryServiceProvider, class com.almasb.fxgl.ui.FXGLDialogFactoryServiceProvider, class com.almasb.fxgl.audio.AudioPlayer, class com.almasb.fxgl.notification.impl.NotificationServiceProvider, class com.almasb.fxgl.achievement.AchievementService, class com.almasb.fxgl.cutscene.CutsceneService, class com.almasb.fxgl.minigames.MiniGameService, class com.almasb.fxgl.net.NetService, class com.almasb.fxgl.app.services.UpdaterService, class com.almasb.fxgl.dev.DevService]
08:58:14.603 [FXGL Background Thread 3 ] DEBUG Engine               - fontGame: Abel-Regular.ttf
08:58:14.604 [FXGL Background Thread 3 ] DEBUG Engine               - fontMono: TerminalLandMono-Regular.otf
08:58:14.604 [FXGL Background Thread 3 ] DEBUG Engine               - fontSizeScaleUI: 1.0
08:58:14.604 [FXGL Background Thread 3 ] DEBUG Engine               - fontText: Courier-Prime.ttf
08:58:14.604 [FXGL Background Thread 3 ] DEBUG Engine               - fontUI: VarelaRound-Regular.ttf
08:58:14.604 [FXGL Background Thread 3 ] DEBUG Engine               - fullScreen: BooleanProperty [value: true]
08:58:14.604 [FXGL Background Thread 3 ] DEBUG Engine               - gameDifficulty: MEDIUM
08:58:14.604 [FXGL Background Thread 3 ] DEBUG Engine               - gameDifficultyProperty: ObjectProperty [value: MEDIUM]
08:58:14.604 [FXGL Background Thread 3 ] DEBUG Engine               - globalMusicVolume: 0.5
08:58:14.604 [FXGL Background Thread 3 ] DEBUG Engine               - globalMusicVolumeProperty: DoubleProperty [value: 0.5]
08:58:14.604 [FXGL Background Thread 3 ] DEBUG Engine               - globalSoundVolume: 0.5
08:58:14.604 [FXGL Background Thread 3 ] DEBUG Engine               - globalSoundVolumeProperty: DoubleProperty [value: 0.5]
08:58:14.604 [FXGL Background Thread 3 ] DEBUG Engine               - height: 600
08:58:14.604 [FXGL Background Thread 3 ] DEBUG Engine               - is3D: false
08:58:14.604 [FXGL Background Thread 3 ] DEBUG Engine               - isAndroid: false
08:58:14.604 [FXGL Background Thread 3 ] DEBUG Engine               - isBrowser: false
08:58:14.604 [FXGL Background Thread 3 ] DEBUG Engine               - isClickFeedbackEnabled: false
08:58:14.605 [FXGL Background Thread 3 ] DEBUG Engine               - isCloseConfirmation: false
08:58:14.605 [FXGL Background Thread 3 ] DEBUG Engine               - isDesktop: true
08:58:14.605 [FXGL Background Thread 3 ] DEBUG Engine               - isDeveloperMenuEnabled: false
08:58:14.605 [FXGL Background Thread 3 ] DEBUG Engine               - isEmbedded: false
08:58:14.605 [FXGL Background Thread 3 ] DEBUG Engine               - isEntityPreloadEnabled: true
08:58:14.605 [FXGL Background Thread 3 ] DEBUG Engine               - isExperimentalTiledLargeMap: false
08:58:14.605 [FXGL Background Thread 3 ] DEBUG Engine               - isFileSystemWriteAllowed: true
08:58:14.605 [FXGL Background Thread 3 ] DEBUG Engine               - isFullScreenAllowed: true
08:58:14.605 [FXGL Background Thread 3 ] DEBUG Engine               - isFullScreenFromStart: true
08:58:14.605 [FXGL Background Thread 3 ] DEBUG Engine               - isGameMenuEnabled: true
08:58:14.605 [FXGL Background Thread 3 ] DEBUG Engine               - isIOS: false
08:58:14.605 [FXGL Background Thread 3 ] DEBUG Engine               - isIntroEnabled: false
08:58:14.605 [FXGL Background Thread 3 ] DEBUG Engine               - isLinux: true
08:58:14.605 [FXGL Background Thread 3 ] DEBUG Engine               - isMac: false
08:58:14.605 [FXGL Background Thread 3 ] DEBUG Engine               - isMainMenuEnabled: false
08:58:14.606 [FXGL Background Thread 3 ] DEBUG Engine               - isManualResizeEnabled: false
08:58:14.606 [FXGL Background Thread 3 ] DEBUG Engine               - isMobile: false
08:58:14.606 [FXGL Background Thread 3 ] DEBUG Engine               - isNative: false
08:58:14.606 [FXGL Background Thread 3 ] DEBUG Engine               - isPauseMusicWhenMinimized: true
08:58:14.606 [FXGL Background Thread 3 ] DEBUG Engine               - isPreserveResizeRatio: false
08:58:14.606 [FXGL Background Thread 3 ] DEBUG Engine               - isProfilingEnabled: false
08:58:14.606 [FXGL Background Thread 3 ] DEBUG Engine               - isScaleAffectedOnResize: true
08:58:14.606 [FXGL Background Thread 3 ] DEBUG Engine               - isSingleStep: false
08:58:14.606 [FXGL Background Thread 3 ] DEBUG Engine               - isUserProfileEnabled: false
08:58:14.606 [FXGL Background Thread 3 ] DEBUG Engine               - isWindows: false
08:58:14.606 [FXGL Background Thread 3 ] DEBUG Engine               - language: ObjectProperty [value: ENGLISH]
08:58:14.606 [FXGL Background Thread 3 ] DEBUG Engine               - menuKey: ESCAPE
08:58:14.606 [FXGL Background Thread 3 ] DEBUG Engine               - mouseSensitivity: 0.2
08:58:14.606 [FXGL Background Thread 3 ] DEBUG Engine               - notificationViewClass: class com.almasb.fxgl.notification.view.XboxNotificationView
08:58:14.606 [FXGL Background Thread 3 ] DEBUG Engine               - pixelsPerMeter: 50.0
08:58:14.606 [FXGL Background Thread 3 ] DEBUG Engine               - platform: LINUX
08:58:14.606 [FXGL Background Thread 3 ] DEBUG Engine               - prefHeightProperty: ReadOnlyDoubleProperty [value: 600.0]
08:58:14.606 [FXGL Background Thread 3 ] DEBUG Engine               - prefWidthProperty: ReadOnlyDoubleProperty [value: 800.0]
08:58:14.606 [FXGL Background Thread 3 ] DEBUG Engine               - profileDir: profiles/
08:58:14.607 [FXGL Background Thread 3 ] DEBUG Engine               - profileName: StringProperty [value: DEFAULT]
08:58:14.607 [FXGL Background Thread 3 ] DEBUG Engine               - randomSeed: -1
08:58:14.607 [FXGL Background Thread 3 ] DEBUG Engine               - runtimeInfo: RuntimeInfo(platform=LINUX, version=17.3, build=30.03.2023 11.49)
08:58:14.607 [FXGL Background Thread 3 ] DEBUG Engine               - saveFileExt: sav
08:58:14.607 [FXGL Background Thread 3 ] DEBUG Engine               - scaledHeightProp$fxgl: DoubleProperty [bound, value: 1080.0]
08:58:14.607 [FXGL Background Thread 3 ] DEBUG Engine               - scaledWidthProp$fxgl: DoubleProperty [bound, value: 1920.0]
08:58:14.607 [FXGL Background Thread 3 ] DEBUG Engine               - sceneFactory: com.almasb.fxgl.app.scene.SceneFactory@2effbb72
08:58:14.607 [FXGL Background Thread 3 ] DEBUG Engine               - secondsIn24h: 60
08:58:14.607 [FXGL Background Thread 3 ] DEBUG Engine               - soundMenuBack: menu/back.wav
08:58:14.608 [FXGL Background Thread 3 ] DEBUG Engine               - soundMenuPress: menu/press.wav
08:58:14.608 [FXGL Background Thread 3 ] DEBUG Engine               - soundMenuSelect: menu/select.wav
08:58:14.608 [FXGL Background Thread 3 ] DEBUG Engine               - soundNotification: core/notification.wav
08:58:14.608 [FXGL Background Thread 3 ] DEBUG Engine               - stageStyle: DECORATED
08:58:14.608 [FXGL Background Thread 3 ] DEBUG Engine               - supportedLanguages: [ENGLISH, FRENCH, GERMAN, HUNGARIAN, RUSSIAN]
08:58:14.608 [FXGL Background Thread 3 ] DEBUG Engine               - ticksPerSecond: -1
08:58:14.608 [FXGL Background Thread 3 ] DEBUG Engine               - title: Overtale
08:58:14.608 [FXGL Background Thread 3 ] DEBUG Engine               - urlGithub: https://github.com/AlmasB/FXGL
08:58:14.608 [FXGL Background Thread 3 ] DEBUG Engine               - urlLeaderboard: http://fxgl-top.herokuapp.com/
08:58:14.608 [FXGL Background Thread 3 ] DEBUG Engine               - urlPOM: https://raw.githubusercontent.com/AlmasB/FXGL/release/README.md
08:58:14.608 [FXGL Background Thread 3 ] DEBUG Engine               - userAppClass: class at.htl.overtale.GameApp
08:58:14.608 [FXGL Background Thread 3 ] DEBUG Engine               - version: 0.1
08:58:14.608 [FXGL Background Thread 3 ] DEBUG Engine               - versionCheckDays: 7
08:58:14.608 [FXGL Background Thread 3 ] DEBUG Engine               - width: 800
08:58:14.608 [FXGL Background Thread 3 ] DEBUG Engine               - Logging services
08:58:14.608 [FXGL Background Thread 3 ] DEBUG Engine               - class com.almasb.fxgl.app.services.FXGLAssetLoaderService
08:58:14.608 [FXGL Background Thread 3 ] DEBUG Engine               - class com.almasb.fxgl.app.FXGLApplication$GameApplicationService
08:58:14.608 [FXGL Background Thread 3 ] DEBUG Engine               - class com.almasb.fxgl.app.services.FXGLDialogService
08:58:14.608 [FXGL Background Thread 3 ] DEBUG Engine               - class com.almasb.fxgl.app.services.IOTaskExecutorService
08:58:14.609 [FXGL Background Thread 3 ] DEBUG Engine               - class com.almasb.fxgl.io.FileSystemService
08:58:14.609 [FXGL Background Thread 3 ] DEBUG Engine               - class com.almasb.fxgl.localization.LocalizationService
08:58:14.609 [FXGL Background Thread 3 ] DEBUG Engine               - class com.almasb.fxgl.app.services.SystemBundleService
08:58:14.609 [FXGL Background Thread 3 ] DEBUG Engine               - class com.almasb.fxgl.profile.SaveLoadService
08:58:14.609 [FXGL Background Thread 3 ] DEBUG Engine               - class com.almasb.fxgl.ui.FXGLUIFactoryServiceProvider
08:58:14.609 [FXGL Background Thread 3 ] DEBUG Engine               - class com.almasb.fxgl.ui.FXGLDialogFactoryServiceProvider
08:58:14.609 [FXGL Background Thread 3 ] DEBUG Engine               - class com.almasb.fxgl.audio.AudioPlayer
08:58:14.609 [FXGL Background Thread 3 ] DEBUG Engine               - class com.almasb.fxgl.notification.impl.NotificationServiceProvider
08:58:14.609 [FXGL Background Thread 3 ] DEBUG Engine               - class com.almasb.fxgl.achievement.AchievementService
08:58:14.609 [FXGL Background Thread 3 ] DEBUG Engine               - class com.almasb.fxgl.cutscene.CutsceneService
08:58:14.609 [FXGL Background Thread 3 ] DEBUG Engine               - class com.almasb.fxgl.minigames.MiniGameService
08:58:14.609 [FXGL Background Thread 3 ] DEBUG Engine               - class com.almasb.fxgl.net.NetService
08:58:14.609 [FXGL Background Thread 3 ] DEBUG Engine               - class com.almasb.fxgl.app.services.UpdaterService
08:58:14.609 [FXGL Background Thread 3 ] DEBUG Engine               - class com.almasb.fxgl.dev.DevService
08:58:17.097 [JavaFX Application Thread] DEBUG FXGLApplication      - Exiting FXGL
08:58:17.097 [JavaFX Application Thread] DEBUG LoopRunner           - Stopping loop
08:58:17.097 [JavaFX Application Thread] DEBUG SystemBundleService  - Saving FXGL system data
08:58:17.106 [JavaFX Application Thread] DEBUG FileSystemAccess     - Writing to: /home/daniel/IdeaProjects/Overtale/system/fxgl.bundle
08:58:17.108 [JavaFX Application Thread] DEBUG Async                - Shutting down background threads
08:58:17.108 [JavaFX Application Thread] DEBUG PrimaryStageWindow   - Closing main window
08:58:17.113 [JavaFX Application Thread] DEBUG Logger               - Closing Logger
