11:50:23.601 [main                     ] DEBUG Logger               - Configured Logger
11:50:23.608 [main                     ] DEBUG GameApplication      - Logging settings
Title: Overtale
Version: 0.1
Width: 800
Height: 600
Fullscreen: true
Intro: false
Profiling: false
Single step:false
App Mode: DEVELOPER
Menu Key: ESCAPE
Stage Style: DECORATED
Scene Factory: class com.almasb.fxgl.app.scene.SceneFactory

11:50:23.808 [JavaFX Application Thread] DEBUG FXGLApplication      - Initializing FXGL
11:50:23.810 [JavaFX Application Thread] INFO  Engine               - FXGL-17.3 (30.03.2023 11.49) on LINUX (J:25.0.2 FX:21.0.6)
11:50:23.810 [JavaFX Application Thread] DEBUG Engine               - JRE Vendor Name: Oracle Corporation
11:50:23.810 [JavaFX Application Thread] DEBUG Engine               - Running on OS: Linux version 6.19.9-1-cachyos
11:50:23.810 [JavaFX Application Thread] DEBUG Engine               - Architecture: amd64
11:50:23.810 [JavaFX Application Thread] INFO  Engine               - Source code and latest versions at: https://github.com/AlmasB/FXGL
11:50:23.810 [JavaFX Application Thread] INFO  Engine               -       Ask questions and discuss at: https://github.com/AlmasB/FXGL/discussions
11:50:23.810 [JavaFX Application Thread] INFO  Engine               -              Join the FXGL chat at: https://gitter.im/AlmasB/FXGL
11:50:23.877 [JavaFX Application Thread] DEBUG PrimaryStageWindow   - Creating a JavaFX scene
11:50:23.978 [JavaFX Application Thread] DEBUG PrimaryStageWindow   - Target settings size: 800.0 x 600.0
11:50:23.978 [JavaFX Application Thread] DEBUG PrimaryStageWindow   - Scaled scene size:    800.0 x 600.0
11:50:23.978 [JavaFX Application Thread] DEBUG PrimaryStageWindow   - Scaled ratio: (1.0, 1.0)
11:50:23.979 [JavaFX Application Thread] DEBUG PrimaryStageWindow   - Set initial scene to FXGLStartupScene
11:50:23.983 [JavaFX Application Thread] DEBUG PrimaryStageWindow   - Opening main window
11:50:24.021 [JavaFX Application Thread] DEBUG PrimaryStageWindow   - Window border size: (0.0, 35.0)
11:50:24.022 [JavaFX Application Thread] DEBUG PrimaryStageWindow   - Scaled size: 800.0 x 565.0
11:50:24.022 [JavaFX Application Thread] DEBUG PrimaryStageWindow   - Scaled ratio: (1.0, 0.9416666666666667)
11:50:24.022 [JavaFX Application Thread] DEBUG PrimaryStageWindow   - Scene size: 800.0 x 600.0
11:50:24.022 [JavaFX Application Thread] DEBUG PrimaryStageWindow   - Stage size: 800.0 x 600.0
11:50:24.022 [JavaFX Application Thread] DEBUG PrimaryStageWindow   - Going fullscreen
11:50:24.026 [FXGL Background Thread 1 ] DEBUG Engine               - Initializing environment variables
11:50:24.071 [FXGL Background Thread 1 ] DEBUG FXGLAssetLoaderServi - User app class for loading assets: class at.htl.overtale.GameApp
11:50:24.071 [FXGL Background Thread 1 ] DEBUG GameApplicationServi - Applying CSS: fxgl_dark.css
11:50:24.071 [FXGL Background Thread 1 ] DEBUG FXGLAssetLoaderServi - Loading from file system: jar:file:///home/raphi/.m2/repository/com/github/almasb/fxgl/17.3/fxgl-17.3.jar!/fxglassets/ui/css/fxgl_dark.css
11:50:24.100 [FXGL Background Thread 1 ] DEBUG GameApplicationServi - Initializing application scenes
11:50:24.192 [FXGL Background Thread 1 ] DEBUG GameWorld            - Game world initialized
11:50:24.225 [FXGL Background Thread 1 ] DEBUG PhysicsWorld         - Physics world initialized: appHeight=600, physics.ppm=50.0
11:50:24.226 [FXGL Background Thread 1 ] DEBUG PhysicsWorld         - Using strategy: BRUTE_FORCE
11:50:24.228 [FXGL Background Thread 1 ] DEBUG GameScene            - Game scene initialized: 800x600
11:50:24.236 [FXGL Background Thread 1 ] DEBUG FXGL.DefaultMenu     - createMenuBodyGameMenu()
11:50:24.244 [FXGL Background Thread 1 ] DEBUG FXGL.DefaultMenu     - createOptionsMenu()
11:50:24.249 [FXGL Background Thread 1 ] DEBUG FXGLAssetLoaderServi - Loading from file system: jar:file:///home/raphi/.m2/repository/com/github/almasb/fxgl/17.3/fxgl-17.3.jar!/fxglassets/textures/particles/smoke.png
11:50:24.308 [FXGL Background Thread 1 ] DEBUG FXGLAssetLoaderServi - Loading from file system: jar:file:///home/raphi/.m2/repository/com/github/almasb/fxgl/17.3/fxgl-17.3.jar!/fxglassets/textures/particles/trace_horizontal.png
11:50:24.346 [FXGL Background Thread 1 ] DEBUG GameApplicationServi - Application scenes initialized
11:50:24.354 [FXGL Background Thread 1 ] DEBUG SystemBundleService  - Loading FXGL system data
11:50:24.356 [FXGL Background Thread 1 ] DEBUG FileSystemAccess     - Reading from: /home/raphi/Documents/JavaWorkspace/Overtale/system/fxgl.bundle
11:50:24.361 [FXGL Background Thread 1 ] DEBUG SystemBundleService  - Bundle FXGL: {}
11:50:24.361 [FXGL Background Thread 1 ] DEBUG UpdaterService       - Checking for updates
11:50:24.365 [FXGL Background Thread 4 ] DEBUG FXGLApplication      - Loading fonts
11:50:24.365 [FXGL Background Thread 1 ] DEBUG FXGLApplication      - Loading default localization
11:50:24.365 [FXGL Background Thread 4 ] DEBUG FXGLAssetLoaderServi - Loading from file system: jar:file:///home/raphi/.m2/repository/com/github/almasb/fxgl/17.3/fxgl-17.3.jar!/fxglassets/ui/fonts/VarelaRound-Regular.ttf
11:50:24.365 [FXGL Background Thread 1 ] DEBUG FXGLAssetLoaderServi - Loading from file system: jar:file:///home/raphi/.m2/repository/com/github/almasb/fxgl/17.3/fxgl-17.3.jar!/fxglassets/languages/english.lang
11:50:24.370 [FXGL Background Thread 4 ] DEBUG FXGLAssetLoaderServi - Loading from file system: jar:file:///home/raphi/.m2/repository/com/github/almasb/fxgl/17.3/fxgl-17.3.jar!/fxglassets/ui/fonts/Abel-Regular.ttf
11:50:24.371 [FXGL Background Thread 4 ] DEBUG FXGLAssetLoaderServi - Loading from file system: jar:file:///home/raphi/.m2/repository/com/github/almasb/fxgl/17.3/fxgl-17.3.jar!/fxglassets/ui/fonts/TerminalLandMono-Regular.otf
11:50:24.372 [FXGL Background Thread 4 ] DEBUG FXGLAssetLoaderServi - Loading from file system: jar:file:///home/raphi/.m2/repository/com/github/almasb/fxgl/17.3/fxgl-17.3.jar!/fxglassets/ui/fonts/Courier-Prime.ttf
11:50:24.375 [JavaFX Application Thread] DEBUG FXGLApplication      - Registering font factories with UI factory
11:50:24.377 [FXGL Background Thread 1 ] INFO  FXGLApplication      - FXGL initialization took: 0.351 sec
11:50:24.384 [JavaFX Application Thread] DEBUG Input                - Registered new binding: action0 - W
11:50:24.385 [JavaFX Application Thread] DEBUG Input                - Registered new binding: action1 - S
11:50:24.385 [JavaFX Application Thread] DEBUG Input                - Registered new binding: action2 - D
11:50:24.385 [JavaFX Application Thread] DEBUG Input                - Registered new binding: action3 - A
11:50:24.386 [JavaFX Application Thread] DEBUG Input                - Registered new binding: action4 - Up
11:50:24.386 [JavaFX Application Thread] DEBUG Input                - Registered new binding: action5 - Down
11:50:24.386 [JavaFX Application Thread] DEBUG Input                - Registered new binding: action6 - Left
11:50:24.386 [JavaFX Application Thread] DEBUG Input                - Registered new binding: action7 - Right
11:50:24.387 [JavaFX Application Thread] DEBUG Input                - Registered new binding: action8 - X
11:50:24.387 [JavaFX Application Thread] DEBUG Input                - Registered new binding: action9 - Q
11:50:24.387 [JavaFX Application Thread] DEBUG Input                - Registered new binding: action10 - Z
11:50:24.387 [JavaFX Application Thread] DEBUG Input                - Registered new binding: action11 - E
11:50:24.388 [JavaFX Application Thread] DEBUG FXGLAssetLoaderServi - Loading from file system: jar:file:///home/raphi/.m2/repository/com/github/almasb/fxgl/17.3/fxgl-17.3.jar!/fxglassets/textures/fxgl_icon.png
11:50:24.410 [JavaFX Application Thread] DEBUG FXGLAssetLoaderServi - Loading from file system: jar:file:///home/raphi/.m2/repository/com/github/almasb/fxgl/17.3/fxgl-17.3.jar!/fxglassets/textures/fxgl_default_cursor.png
11:50:24.412 [JavaFX Application Thread] DEBUG Input                - Registered new binding: Screenshot - CTRL+8
11:50:24.412 [JavaFX Application Thread] DEBUG Input                - Registered new binding: System info dump - CTRL+9
11:50:24.412 [JavaFX Application Thread] DEBUG Input                - Registered new binding: Restart - CTRL+R
11:50:24.412 [JavaFX Application Thread] DEBUG Input                - Registered new binding: Toggle Debug Camera - CTRL+7
11:50:24.414 [JavaFX Application Thread] DEBUG LoopRunner           - Starting loop
11:50:24.414 [JavaFX Application Thread] DEBUG LoopRunner           - Initializing JavaFX AnimationTimerLoop
11:50:24.415 [JavaFX Application Thread] DEBUG GameApplicationServi - Starting new game
11:50:24.415 [JavaFX Application Thread] DEBUG Input                - Clearing active input actions
11:50:24.425 [JavaFX Application Thread] DEBUG GameApplicationServi - Removing overlay from FXGLStartupScene and adding to FXGLLoadingScene
11:50:24.425 [JavaFX Application Thread] DEBUG PrimaryStageWindow   - FXGLStartupScene -> FXGLLoadingScene
11:50:24.425 [JavaFX Application Thread] DEBUG GameApplicationServi - Clearing previous game
11:50:24.426 [JavaFX Application Thread] DEBUG GameScene            - Clearing game scene
11:50:24.426 [JavaFX Application Thread] DEBUG GameWorld            - Clearing game world
11:50:24.426 [JavaFX Application Thread] DEBUG PhysicsWorld         - Clearing physics world
11:50:24.427 [FXGL Background Thread 1 ] DEBUG FXGLApplication      - Initializing game
11:50:24.452 [FXGL Background Thread 1 ] INFO  FXGLApplication      - Game initialization took: 0.025 sec
11:50:24.509 [JavaFX Application Thread] DEBUG Input                - Clearing active input actions
11:50:24.514 [JavaFX Application Thread] DEBUG GameApplicationServi - Removing overlay from FXGLLoadingScene and adding to GameScene
11:50:24.514 [JavaFX Application Thread] DEBUG PrimaryStageWindow   - FXGLLoadingScene -> GameScene
11:50:27.364 [FXGL Background Thread 3 ] DEBUG Engine               - Logging environment variables
11:50:27.365 [FXGL Background Thread 3 ] DEBUG Engine               - achievements: []
11:50:27.365 [FXGL Background Thread 3 ] DEBUG Engine               - actualHeight: 1080.0
11:50:27.366 [FXGL Background Thread 3 ] DEBUG Engine               - actualHeightProperty: ReadOnlyDoubleProperty [value: 1080.0]
11:50:27.366 [FXGL Background Thread 3 ] DEBUG Engine               - actualWidth: 1920.0
11:50:27.366 [FXGL Background Thread 3 ] DEBUG Engine               - actualWidthProperty: ReadOnlyDoubleProperty [value: 1920.0]
11:50:27.366 [FXGL Background Thread 3 ] DEBUG Engine               - appIcon: fxgl_icon.png
11:50:27.366 [FXGL Background Thread 3 ] DEBUG Engine               - applicationMode: DEVELOPER
11:50:27.366 [FXGL Background Thread 3 ] DEBUG Engine               - cSSList: [fxgl_dark.css]
11:50:27.366 [FXGL Background Thread 3 ] DEBUG Engine               - collisionDetectionStrategy: BRUTE_FORCE
11:50:27.366 [FXGL Background Thread 3 ] DEBUG Engine               - configClass: Optional.empty
11:50:27.366 [FXGL Background Thread 3 ] DEBUG Engine               - credits: []
11:50:27.366 [FXGL Background Thread 3 ] DEBUG Engine               - defaultCursor: CursorInfo(imageName=fxgl_default_cursor.png, hotspotX=7.0, hotspotY=6.0)
11:50:27.367 [FXGL Background Thread 3 ] DEBUG Engine               - devBBoxColorProperty: ObjectProperty [value: 0xff0000ff]
11:50:27.367 [FXGL Background Thread 3 ] DEBUG Engine               - devEnableDebugCameraProperty: BooleanProperty [value: false]
11:50:27.367 [FXGL Background Thread 3 ] DEBUG Engine               - devSensorColorProperty: ObjectProperty [value: 0xffff00ff]
11:50:27.367 [FXGL Background Thread 3 ] DEBUG Engine               - devShowBBoxProperty: BooleanProperty [value: false]
11:50:27.367 [FXGL Background Thread 3 ] DEBUG Engine               - devShowPositionProperty: BooleanProperty [value: false]
11:50:27.367 [FXGL Background Thread 3 ] DEBUG Engine               - enabledMenuItems: []
11:50:27.367 [FXGL Background Thread 3 ] DEBUG Engine               - engineServices: [class com.almasb.fxgl.app.services.FXGLAssetLoaderService, class com.almasb.fxgl.app.FXGLApplication$GameApplicationService, class com.almasb.fxgl.app.services.FXGLDialogService, class com.almasb.fxgl.app.services.IOTaskExecutorService, class com.almasb.fxgl.io.FileSystemService, class com.almasb.fxgl.localization.LocalizationService, class com.almasb.fxgl.app.services.SystemBundleService, class com.almasb.fxgl.profile.SaveLoadService, class com.almasb.fxgl.ui.FXGLUIFactoryServiceProvider, class com.almasb.fxgl.ui.FXGLDialogFactoryServiceProvider, class com.almasb.fxgl.audio.AudioPlayer, class com.almasb.fxgl.notification.impl.NotificationServiceProvider, class com.almasb.fxgl.achievement.AchievementService, class com.almasb.fxgl.cutscene.CutsceneService, class com.almasb.fxgl.minigames.MiniGameService, class com.almasb.fxgl.net.NetService, class com.almasb.fxgl.app.services.UpdaterService, class com.almasb.fxgl.dev.DevService]
11:50:27.367 [FXGL Background Thread 3 ] DEBUG Engine               - fontGame: Abel-Regular.ttf
11:50:27.367 [FXGL Background Thread 3 ] DEBUG Engine               - fontMono: TerminalLandMono-Regular.otf
11:50:27.367 [FXGL Background Thread 3 ] DEBUG Engine               - fontSizeScaleUI: 1.0
11:50:27.367 [FXGL Background Thread 3 ] DEBUG Engine               - fontText: Courier-Prime.ttf
11:50:27.367 [FXGL Background Thread 3 ] DEBUG Engine               - fontUI: VarelaRound-Regular.ttf
11:50:27.367 [FXGL Background Thread 3 ] DEBUG Engine               - fullScreen: BooleanProperty [value: true]
11:50:27.368 [FXGL Background Thread 3 ] DEBUG Engine               - gameDifficulty: MEDIUM
11:50:27.368 [FXGL Background Thread 3 ] DEBUG Engine               - gameDifficultyProperty: ObjectProperty [value: MEDIUM]
11:50:27.368 [FXGL Background Thread 3 ] DEBUG Engine               - globalMusicVolume: 0.5
11:50:27.368 [FXGL Background Thread 3 ] DEBUG Engine               - globalMusicVolumeProperty: DoubleProperty [value: 0.5]
11:50:27.368 [FXGL Background Thread 3 ] DEBUG Engine               - globalSoundVolume: 0.5
11:50:27.368 [FXGL Background Thread 3 ] DEBUG Engine               - globalSoundVolumeProperty: DoubleProperty [value: 0.5]
11:50:27.368 [FXGL Background Thread 3 ] DEBUG Engine               - height: 600
11:50:27.368 [FXGL Background Thread 3 ] DEBUG Engine               - is3D: false
11:50:27.368 [FXGL Background Thread 3 ] DEBUG Engine               - isAndroid: false
11:50:27.368 [FXGL Background Thread 3 ] DEBUG Engine               - isBrowser: false
11:50:27.368 [FXGL Background Thread 3 ] DEBUG Engine               - isClickFeedbackEnabled: false
11:50:27.368 [FXGL Background Thread 3 ] DEBUG Engine               - isCloseConfirmation: false
11:50:27.368 [FXGL Background Thread 3 ] DEBUG Engine               - isDesktop: true
11:50:27.368 [FXGL Background Thread 3 ] DEBUG Engine               - isDeveloperMenuEnabled: false
11:50:27.368 [FXGL Background Thread 3 ] DEBUG Engine               - isEmbedded: false
11:50:27.368 [FXGL Background Thread 3 ] DEBUG Engine               - isEntityPreloadEnabled: true
11:50:27.369 [FXGL Background Thread 3 ] DEBUG Engine               - isExperimentalTiledLargeMap: false
11:50:27.369 [FXGL Background Thread 3 ] DEBUG Engine               - isFileSystemWriteAllowed: true
11:50:27.369 [FXGL Background Thread 3 ] DEBUG Engine               - isFullScreenAllowed: true
11:50:27.369 [FXGL Background Thread 3 ] DEBUG Engine               - isFullScreenFromStart: true
11:50:27.369 [FXGL Background Thread 3 ] DEBUG Engine               - isGameMenuEnabled: true
11:50:27.369 [FXGL Background Thread 3 ] DEBUG Engine               - isIOS: false
11:50:27.369 [FXGL Background Thread 3 ] DEBUG Engine               - isIntroEnabled: false
11:50:27.369 [FXGL Background Thread 3 ] DEBUG Engine               - isLinux: true
11:50:27.369 [FXGL Background Thread 3 ] DEBUG Engine               - isMac: false
11:50:27.369 [FXGL Background Thread 3 ] DEBUG Engine               - isMainMenuEnabled: false
11:50:27.369 [FXGL Background Thread 3 ] DEBUG Engine               - isManualResizeEnabled: false
11:50:27.369 [FXGL Background Thread 3 ] DEBUG Engine               - isMobile: false
11:50:27.369 [FXGL Background Thread 3 ] DEBUG Engine               - isNative: false
11:50:27.369 [FXGL Background Thread 3 ] DEBUG Engine               - isPauseMusicWhenMinimized: true
11:50:27.369 [FXGL Background Thread 3 ] DEBUG Engine               - isPreserveResizeRatio: false
11:50:27.369 [FXGL Background Thread 3 ] DEBUG Engine               - isProfilingEnabled: false
11:50:27.369 [FXGL Background Thread 3 ] DEBUG Engine               - isScaleAffectedOnResize: true
11:50:27.370 [FXGL Background Thread 3 ] DEBUG Engine               - isSingleStep: false
11:50:27.370 [FXGL Background Thread 3 ] DEBUG Engine               - isUserProfileEnabled: false
11:50:27.370 [FXGL Background Thread 3 ] DEBUG Engine               - isWindows: false
11:50:27.370 [FXGL Background Thread 3 ] DEBUG Engine               - language: ObjectProperty [value: ENGLISH]
11:50:27.370 [FXGL Background Thread 3 ] DEBUG Engine               - menuKey: ESCAPE
11:50:27.370 [FXGL Background Thread 3 ] DEBUG Engine               - mouseSensitivity: 0.2
11:50:27.370 [FXGL Background Thread 3 ] DEBUG Engine               - notificationViewClass: class com.almasb.fxgl.notification.view.XboxNotificationView
11:50:27.370 [FXGL Background Thread 3 ] DEBUG Engine               - pixelsPerMeter: 50.0
11:50:27.370 [FXGL Background Thread 3 ] DEBUG Engine               - platform: LINUX
11:50:27.370 [FXGL Background Thread 3 ] DEBUG Engine               - prefHeightProperty: ReadOnlyDoubleProperty [value: 600.0]
11:50:27.370 [FXGL Background Thread 3 ] DEBUG Engine               - prefWidthProperty: ReadOnlyDoubleProperty [value: 800.0]
11:50:27.370 [FXGL Background Thread 3 ] DEBUG Engine               - profileDir: profiles/
11:50:27.370 [FXGL Background Thread 3 ] DEBUG Engine               - profileName: StringProperty [value: DEFAULT]
11:50:27.370 [FXGL Background Thread 3 ] DEBUG Engine               - randomSeed: -1
11:50:27.370 [FXGL Background Thread 3 ] DEBUG Engine               - runtimeInfo: RuntimeInfo(platform=LINUX, version=17.3, build=30.03.2023 11.49)
11:50:27.371 [FXGL Background Thread 3 ] DEBUG Engine               - saveFileExt: sav
11:50:27.371 [FXGL Background Thread 3 ] DEBUG Engine               - scaledHeightProp$fxgl: DoubleProperty [bound, value: 1080.0]
11:50:27.371 [FXGL Background Thread 3 ] DEBUG Engine               - scaledWidthProp$fxgl: DoubleProperty [bound, value: 1920.0]
11:50:27.371 [FXGL Background Thread 3 ] DEBUG Engine               - sceneFactory: com.almasb.fxgl.app.scene.SceneFactory@7dada04d
11:50:27.371 [FXGL Background Thread 3 ] DEBUG Engine               - secondsIn24h: 60
11:50:27.371 [FXGL Background Thread 3 ] DEBUG Engine               - soundMenuBack: menu/back.wav
11:50:27.371 [FXGL Background Thread 3 ] DEBUG Engine               - soundMenuPress: menu/press.wav
11:50:27.371 [FXGL Background Thread 3 ] DEBUG Engine               - soundMenuSelect: menu/select.wav
11:50:27.371 [FXGL Background Thread 3 ] DEBUG Engine               - soundNotification: core/notification.wav
11:50:27.371 [FXGL Background Thread 3 ] DEBUG Engine               - stageStyle: DECORATED
11:50:27.371 [FXGL Background Thread 3 ] DEBUG Engine               - supportedLanguages: [ENGLISH, FRENCH, GERMAN, HUNGARIAN, RUSSIAN]
11:50:27.371 [FXGL Background Thread 3 ] DEBUG Engine               - ticksPerSecond: -1
11:50:27.371 [FXGL Background Thread 3 ] DEBUG Engine               - title: Overtale
11:50:27.371 [FXGL Background Thread 3 ] DEBUG Engine               - urlGithub: https://github.com/AlmasB/FXGL
11:50:27.371 [FXGL Background Thread 3 ] DEBUG Engine               - urlLeaderboard: http://fxgl-top.herokuapp.com/
11:50:27.371 [FXGL Background Thread 3 ] DEBUG Engine               - urlPOM: https://raw.githubusercontent.com/AlmasB/FXGL/release/README.md
11:50:27.372 [FXGL Background Thread 3 ] DEBUG Engine               - userAppClass: class at.htl.overtale.GameApp
11:50:27.372 [FXGL Background Thread 3 ] DEBUG Engine               - version: 0.1
11:50:27.372 [FXGL Background Thread 3 ] DEBUG Engine               - versionCheckDays: 7
11:50:27.372 [FXGL Background Thread 3 ] DEBUG Engine               - width: 800
11:50:27.372 [FXGL Background Thread 3 ] DEBUG Engine               - Logging services
11:50:27.372 [FXGL Background Thread 3 ] DEBUG Engine               - class com.almasb.fxgl.app.services.FXGLAssetLoaderService
11:50:27.372 [FXGL Background Thread 3 ] DEBUG Engine               - class com.almasb.fxgl.app.FXGLApplication$GameApplicationService
11:50:27.372 [FXGL Background Thread 3 ] DEBUG Engine               - class com.almasb.fxgl.app.services.FXGLDialogService
11:50:27.372 [FXGL Background Thread 3 ] DEBUG Engine               - class com.almasb.fxgl.app.services.IOTaskExecutorService
11:50:27.372 [FXGL Background Thread 3 ] DEBUG Engine               - class com.almasb.fxgl.io.FileSystemService
11:50:27.372 [FXGL Background Thread 3 ] DEBUG Engine               - class com.almasb.fxgl.localization.LocalizationService
11:50:27.372 [FXGL Background Thread 3 ] DEBUG Engine               - class com.almasb.fxgl.app.services.SystemBundleService
11:50:27.372 [FXGL Background Thread 3 ] DEBUG Engine               - class com.almasb.fxgl.profile.SaveLoadService
11:50:27.372 [FXGL Background Thread 3 ] DEBUG Engine               - class com.almasb.fxgl.ui.FXGLUIFactoryServiceProvider
11:50:27.372 [FXGL Background Thread 3 ] DEBUG Engine               - class com.almasb.fxgl.ui.FXGLDialogFactoryServiceProvider
11:50:27.372 [FXGL Background Thread 3 ] DEBUG Engine               - class com.almasb.fxgl.audio.AudioPlayer
11:50:27.372 [FXGL Background Thread 3 ] DEBUG Engine               - class com.almasb.fxgl.notification.impl.NotificationServiceProvider
11:50:27.372 [FXGL Background Thread 3 ] DEBUG Engine               - class com.almasb.fxgl.achievement.AchievementService
11:50:27.372 [FXGL Background Thread 3 ] DEBUG Engine               - class com.almasb.fxgl.cutscene.CutsceneService
11:50:27.372 [FXGL Background Thread 3 ] DEBUG Engine               - class com.almasb.fxgl.minigames.MiniGameService
11:50:27.372 [FXGL Background Thread 3 ] DEBUG Engine               - class com.almasb.fxgl.net.NetService
11:50:27.373 [FXGL Background Thread 3 ] DEBUG Engine               - class com.almasb.fxgl.app.services.UpdaterService
11:50:27.373 [FXGL Background Thread 3 ] DEBUG Engine               - class com.almasb.fxgl.dev.DevService
11:51:09.141 [FXGL Background Thread 2 ] WARN  UpdaterService       - Failed to find updates: java.net.UnknownHostException: raw.githubusercontent.com
11:52:01.099 [JavaFX Application Thread] DEBUG PrimaryStageWindow   - Push state: FXGLDefaultMenu
11:52:01.102 [JavaFX Application Thread] DEBUG Input                - Clearing active input actions
11:52:01.109 [JavaFX Application Thread] DEBUG GameApplicationServi - Removing overlay from GameScene and adding to FXGLDefaultMenu
11:52:01.109 [JavaFX Application Thread] DEBUG PrimaryStageWindow   - GameScene -> FXGLDefaultMenu
11:52:05.732 [JavaFX Application Thread] DEBUG PrimaryStageWindow   - Pop state: FXGLDefaultMenu
11:52:05.733 [JavaFX Application Thread] DEBUG Input                - Clearing active input actions
11:52:05.733 [JavaFX Application Thread] DEBUG GameApplicationServi - Removing overlay from FXGLDefaultMenu and adding to GameScene
11:52:05.733 [JavaFX Application Thread] DEBUG PrimaryStageWindow   - GameScene <- FXGLDefaultMenu
11:53:20.366 [JavaFX Application Thread] DEBUG PrimaryStageWindow   - Push state: FXGLDefaultMenu
11:53:20.367 [JavaFX Application Thread] DEBUG Input                - Clearing active input actions
11:53:20.370 [JavaFX Application Thread] DEBUG GameApplicationServi - Removing overlay from GameScene and adding to FXGLDefaultMenu
11:53:20.370 [JavaFX Application Thread] DEBUG PrimaryStageWindow   - GameScene -> FXGLDefaultMenu
11:53:23.561 [JavaFX Application Thread] DEBUG Menu                 - fireExit()
11:53:23.564 [JavaFX Application Thread] DEBUG PrimaryStageWindow   - Push state: DialogSubScene
11:53:23.565 [JavaFX Application Thread] DEBUG Input                - Clearing active input actions
11:53:23.565 [JavaFX Application Thread] DEBUG GameApplicationServi - Removing overlay from FXGLDefaultMenu and adding to DialogSubScene
11:53:23.566 [JavaFX Application Thread] DEBUG PrimaryStageWindow   - FXGLDefaultMenu -> DialogSubScene
11:53:26.408 [JavaFX Application Thread] DEBUG PrimaryStageWindow   - Pop state: DialogSubScene
11:53:26.408 [JavaFX Application Thread] DEBUG Input                - Clearing active input actions
11:53:26.409 [JavaFX Application Thread] DEBUG GameApplicationServi - Removing overlay from DialogSubScene and adding to FXGLDefaultMenu
11:53:26.409 [JavaFX Application Thread] DEBUG PrimaryStageWindow   - FXGLDefaultMenu <- DialogSubScene
11:53:26.409 [JavaFX Application Thread] DEBUG FXGLApplication      - Exiting FXGL
11:53:26.409 [JavaFX Application Thread] DEBUG LoopRunner           - Stopping loop
11:53:26.409 [JavaFX Application Thread] DEBUG SystemBundleService  - Saving FXGL system data
11:53:26.411 [JavaFX Application Thread] DEBUG FileSystemAccess     - Writing to: /home/raphi/Documents/JavaWorkspace/Overtale/system/fxgl.bundle
11:53:26.413 [JavaFX Application Thread] DEBUG Async                - Shutting down background threads
11:53:26.413 [JavaFX Application Thread] DEBUG PrimaryStageWindow   - Closing main window
11:53:26.417 [JavaFX Application Thread] DEBUG Logger               - Closing Logger
