10:19:24.516 [main                     ] DEBUG Logger               - Configured Logger
10:19:24.528 [main                     ] DEBUG GameApplication      - Logging settings
Title: Overtale
Version: 0.1
Width: 800
Height: 600
Fullscreen: false
Intro: false
Profiling: false
Single step:false
App Mode: DEVELOPER
Menu Key: ESCAPE
Stage Style: DECORATED
Scene Factory: class com.almasb.fxgl.app.scene.SceneFactory

10:19:24.900 [JavaFX Application Thread] DEBUG FXGLApplication      - Initializing FXGL
10:19:24.904 [JavaFX Application Thread] INFO  Engine               - FXGL-17.3 (30.03.2023 11.49) on LINUX (J:25.0.2 FX:21.0.6)
10:19:24.904 [JavaFX Application Thread] DEBUG Engine               - JRE Vendor Name: Oracle Corporation
10:19:24.904 [JavaFX Application Thread] DEBUG Engine               - Running on OS: Linux version 6.19.9-1-cachyos
10:19:24.905 [JavaFX Application Thread] DEBUG Engine               - Architecture: amd64
10:19:24.905 [JavaFX Application Thread] INFO  Engine               - Source code and latest versions at: https://github.com/AlmasB/FXGL
10:19:24.905 [JavaFX Application Thread] INFO  Engine               -       Ask questions and discuss at: https://github.com/AlmasB/FXGL/discussions
10:19:24.905 [JavaFX Application Thread] INFO  Engine               -              Join the FXGL chat at: https://gitter.im/AlmasB/FXGL
10:19:25.033 [JavaFX Application Thread] DEBUG PrimaryStageWindow   - Creating a JavaFX scene
10:19:25.212 [JavaFX Application Thread] DEBUG PrimaryStageWindow   - Target settings size: 800.0 x 600.0
10:19:25.212 [JavaFX Application Thread] DEBUG PrimaryStageWindow   - Scaled scene size:    800.0 x 600.0
10:19:25.212 [JavaFX Application Thread] DEBUG PrimaryStageWindow   - Scaled ratio: (1.0, 1.0)
10:19:25.213 [JavaFX Application Thread] DEBUG PrimaryStageWindow   - Set initial scene to FXGLStartupScene
10:19:25.216 [JavaFX Application Thread] DEBUG PrimaryStageWindow   - Opening main window
10:19:25.257 [JavaFX Application Thread] DEBUG PrimaryStageWindow   - Window border size: (0.0, 35.0)
10:19:25.257 [JavaFX Application Thread] DEBUG PrimaryStageWindow   - Scaled size: 800.0 x 565.0
10:19:25.257 [JavaFX Application Thread] DEBUG PrimaryStageWindow   - Scaled ratio: (1.0, 0.9416666666666667)
10:19:25.257 [JavaFX Application Thread] DEBUG PrimaryStageWindow   - Scene size: 800.0 x 600.0
10:19:25.257 [JavaFX Application Thread] DEBUG PrimaryStageWindow   - Stage size: 800.0 x 600.0
10:19:25.261 [FXGL Background Thread 1 ] DEBUG Engine               - Initializing environment variables
10:19:25.304 [FXGL Background Thread 1 ] DEBUG FXGLAssetLoaderServi - User app class for loading assets: class at.htl.overtale.GameApp
10:19:25.304 [FXGL Background Thread 1 ] DEBUG GameApplicationServi - Applying CSS: fxgl_dark.css
10:19:25.305 [FXGL Background Thread 1 ] DEBUG FXGLAssetLoaderServi - Loading from file system: jar:file:///home/raphi/.m2/repository/com/github/almasb/fxgl/17.3/fxgl-17.3.jar!/fxglassets/ui/css/fxgl_dark.css
10:19:25.335 [FXGL Background Thread 1 ] DEBUG GameApplicationServi - Initializing application scenes
10:19:25.424 [FXGL Background Thread 1 ] DEBUG GameWorld            - Game world initialized
10:19:25.459 [FXGL Background Thread 1 ] DEBUG PhysicsWorld         - Physics world initialized: appHeight=600, physics.ppm=50.0
10:19:25.459 [FXGL Background Thread 1 ] DEBUG PhysicsWorld         - Using strategy: BRUTE_FORCE
10:19:25.463 [FXGL Background Thread 1 ] DEBUG GameScene            - Game scene initialized: 800x600
10:19:25.469 [FXGL Background Thread 1 ] DEBUG FXGL.DefaultMenu     - createMenuBodyGameMenu()
10:19:25.475 [FXGL Background Thread 1 ] DEBUG FXGL.DefaultMenu     - createOptionsMenu()
10:19:25.481 [FXGL Background Thread 1 ] DEBUG FXGLAssetLoaderServi - Loading from file system: jar:file:///home/raphi/.m2/repository/com/github/almasb/fxgl/17.3/fxgl-17.3.jar!/fxglassets/textures/particles/smoke.png
10:19:25.541 [FXGL Background Thread 1 ] DEBUG FXGLAssetLoaderServi - Loading from file system: jar:file:///home/raphi/.m2/repository/com/github/almasb/fxgl/17.3/fxgl-17.3.jar!/fxglassets/textures/particles/trace_horizontal.png
10:19:25.562 [FXGL Background Thread 1 ] DEBUG GameApplicationServi - Application scenes initialized
10:19:25.568 [FXGL Background Thread 1 ] DEBUG SystemBundleService  - Loading FXGL system data
10:19:25.570 [FXGL Background Thread 1 ] DEBUG FileSystemAccess     - Reading from: /home/raphi/Documents/JavaWorkspace/Overtale/system/fxgl.bundle
10:19:25.578 [FXGL Background Thread 1 ] DEBUG SystemBundleService  - Bundle FXGL: {}
10:19:25.578 [FXGL Background Thread 1 ] DEBUG UpdaterService       - Checking for updates
10:19:25.582 [FXGL Background Thread 4 ] DEBUG FXGLApplication      - Loading fonts
10:19:25.582 [FXGL Background Thread 1 ] DEBUG FXGLApplication      - Loading default localization
10:19:25.582 [FXGL Background Thread 4 ] DEBUG FXGLAssetLoaderServi - Loading from file system: jar:file:///home/raphi/.m2/repository/com/github/almasb/fxgl/17.3/fxgl-17.3.jar!/fxglassets/ui/fonts/VarelaRound-Regular.ttf
10:19:25.582 [FXGL Background Thread 1 ] DEBUG FXGLAssetLoaderServi - Loading from file system: jar:file:///home/raphi/.m2/repository/com/github/almasb/fxgl/17.3/fxgl-17.3.jar!/fxglassets/languages/english.lang
10:19:25.586 [FXGL Background Thread 4 ] DEBUG FXGLAssetLoaderServi - Loading from file system: jar:file:///home/raphi/.m2/repository/com/github/almasb/fxgl/17.3/fxgl-17.3.jar!/fxglassets/ui/fonts/Abel-Regular.ttf
10:19:25.587 [FXGL Background Thread 4 ] DEBUG FXGLAssetLoaderServi - Loading from file system: jar:file:///home/raphi/.m2/repository/com/github/almasb/fxgl/17.3/fxgl-17.3.jar!/fxglassets/ui/fonts/TerminalLandMono-Regular.otf
10:19:25.588 [FXGL Background Thread 4 ] DEBUG FXGLAssetLoaderServi - Loading from file system: jar:file:///home/raphi/.m2/repository/com/github/almasb/fxgl/17.3/fxgl-17.3.jar!/fxglassets/ui/fonts/Courier-Prime.ttf
10:19:25.592 [JavaFX Application Thread] DEBUG FXGLApplication      - Registering font factories with UI factory
10:19:25.592 [FXGL Background Thread 1 ] INFO  FXGLApplication      - FXGL initialization took: 0.331 sec
10:19:25.601 [JavaFX Application Thread] DEBUG Input                - Registered new binding: action0 - W
10:19:25.601 [JavaFX Application Thread] DEBUG Input                - Registered new binding: action1 - S
10:19:25.602 [JavaFX Application Thread] DEBUG Input                - Registered new binding: action2 - D
10:19:25.602 [JavaFX Application Thread] DEBUG Input                - Registered new binding: action3 - A
10:19:25.602 [JavaFX Application Thread] DEBUG Input                - Registered new binding: action4 - Up
10:19:25.602 [JavaFX Application Thread] DEBUG Input                - Registered new binding: action5 - Down
10:19:25.603 [JavaFX Application Thread] DEBUG Input                - Registered new binding: action6 - Left
10:19:25.603 [JavaFX Application Thread] DEBUG Input                - Registered new binding: action7 - Right
10:19:25.603 [JavaFX Application Thread] DEBUG Input                - Registered new binding: action8 - X
10:19:25.603 [JavaFX Application Thread] DEBUG Input                - Registered new binding: action9 - Q
10:19:25.604 [JavaFX Application Thread] DEBUG Input                - Registered new binding: action10 - Z
10:19:25.604 [JavaFX Application Thread] DEBUG Input                - Registered new binding: action11 - E
10:19:25.604 [JavaFX Application Thread] DEBUG FXGLAssetLoaderServi - Loading from file system: jar:file:///home/raphi/.m2/repository/com/github/almasb/fxgl/17.3/fxgl-17.3.jar!/fxglassets/textures/fxgl_icon.png
10:19:25.627 [JavaFX Application Thread] DEBUG FXGLAssetLoaderServi - Loading from file system: jar:file:///home/raphi/.m2/repository/com/github/almasb/fxgl/17.3/fxgl-17.3.jar!/fxglassets/textures/fxgl_default_cursor.png
10:19:25.629 [JavaFX Application Thread] DEBUG Input                - Registered new binding: Screenshot - CTRL+8
10:19:25.629 [JavaFX Application Thread] DEBUG Input                - Registered new binding: System info dump - CTRL+9
10:19:25.630 [JavaFX Application Thread] DEBUG Input                - Registered new binding: Restart - CTRL+R
10:19:25.630 [JavaFX Application Thread] DEBUG Input                - Registered new binding: Toggle Debug Camera - CTRL+7
10:19:25.631 [JavaFX Application Thread] DEBUG LoopRunner           - Starting loop
10:19:25.631 [JavaFX Application Thread] DEBUG LoopRunner           - Initializing JavaFX AnimationTimerLoop
10:19:25.632 [JavaFX Application Thread] DEBUG GameApplicationServi - Starting new game
10:19:25.632 [JavaFX Application Thread] DEBUG Input                - Clearing active input actions
10:19:25.640 [JavaFX Application Thread] DEBUG GameApplicationServi - Removing overlay from FXGLStartupScene and adding to FXGLLoadingScene
10:19:25.640 [JavaFX Application Thread] DEBUG PrimaryStageWindow   - FXGLStartupScene -> FXGLLoadingScene
10:19:25.640 [JavaFX Application Thread] DEBUG GameApplicationServi - Clearing previous game
10:19:25.640 [JavaFX Application Thread] DEBUG GameScene            - Clearing game scene
10:19:25.640 [JavaFX Application Thread] DEBUG GameWorld            - Clearing game world
10:19:25.640 [JavaFX Application Thread] DEBUG PhysicsWorld         - Clearing physics world
10:19:25.642 [FXGL Background Thread 1 ] DEBUG FXGLApplication      - Initializing game
10:19:25.666 [FXGL Background Thread 1 ] INFO  FXGLApplication      - Game initialization took: 0.024 sec
10:19:25.723 [JavaFX Application Thread] DEBUG Input                - Clearing active input actions
10:19:25.730 [JavaFX Application Thread] DEBUG GameApplicationServi - Removing overlay from FXGLLoadingScene and adding to GameScene
10:19:25.730 [JavaFX Application Thread] DEBUG PrimaryStageWindow   - FXGLLoadingScene -> GameScene
10:19:25.943 [FXGL Background Thread 2 ] INFO  UpdaterService       - Your current version:  17.3
10:19:25.943 [FXGL Background Thread 2 ] INFO  UpdaterService       - Latest stable version: 25
10:19:28.581 [FXGL Background Thread 3 ] DEBUG Engine               - Logging environment variables
10:19:28.582 [FXGL Background Thread 3 ] DEBUG Engine               - achievements: []
10:19:28.582 [FXGL Background Thread 3 ] DEBUG Engine               - actualHeight: 565.0
10:19:28.582 [FXGL Background Thread 3 ] DEBUG Engine               - actualHeightProperty: ReadOnlyDoubleProperty [value: 565.0]
10:19:28.582 [FXGL Background Thread 3 ] DEBUG Engine               - actualWidth: 800.0
10:19:28.582 [FXGL Background Thread 3 ] DEBUG Engine               - actualWidthProperty: ReadOnlyDoubleProperty [value: 800.0]
10:19:28.582 [FXGL Background Thread 3 ] DEBUG Engine               - appIcon: fxgl_icon.png
10:19:28.582 [FXGL Background Thread 3 ] DEBUG Engine               - applicationMode: DEVELOPER
10:19:28.582 [FXGL Background Thread 3 ] DEBUG Engine               - cSSList: [fxgl_dark.css]
10:19:28.582 [FXGL Background Thread 3 ] DEBUG Engine               - collisionDetectionStrategy: BRUTE_FORCE
10:19:28.582 [FXGL Background Thread 3 ] DEBUG Engine               - configClass: Optional.empty
10:19:28.583 [FXGL Background Thread 3 ] DEBUG Engine               - credits: []
10:19:28.583 [FXGL Background Thread 3 ] DEBUG Engine               - defaultCursor: CursorInfo(imageName=fxgl_default_cursor.png, hotspotX=7.0, hotspotY=6.0)
10:19:28.583 [FXGL Background Thread 3 ] DEBUG Engine               - devBBoxColorProperty: ObjectProperty [value: 0xff0000ff]
10:19:28.583 [FXGL Background Thread 3 ] DEBUG Engine               - devEnableDebugCameraProperty: BooleanProperty [value: false]
10:19:28.583 [FXGL Background Thread 3 ] DEBUG Engine               - devSensorColorProperty: ObjectProperty [value: 0xffff00ff]
10:19:28.583 [FXGL Background Thread 3 ] DEBUG Engine               - devShowBBoxProperty: BooleanProperty [value: false]
10:19:28.583 [FXGL Background Thread 3 ] DEBUG Engine               - devShowPositionProperty: BooleanProperty [value: false]
10:19:28.584 [FXGL Background Thread 3 ] DEBUG Engine               - enabledMenuItems: []
10:19:28.584 [FXGL Background Thread 3 ] DEBUG Engine               - engineServices: [class com.almasb.fxgl.app.services.FXGLAssetLoaderService, class com.almasb.fxgl.app.FXGLApplication$GameApplicationService, class com.almasb.fxgl.app.services.FXGLDialogService, class com.almasb.fxgl.app.services.IOTaskExecutorService, class com.almasb.fxgl.io.FileSystemService, class com.almasb.fxgl.localization.LocalizationService, class com.almasb.fxgl.app.services.SystemBundleService, class com.almasb.fxgl.profile.SaveLoadService, class com.almasb.fxgl.ui.FXGLUIFactoryServiceProvider, class com.almasb.fxgl.ui.FXGLDialogFactoryServiceProvider, class com.almasb.fxgl.audio.AudioPlayer, class com.almasb.fxgl.notification.impl.NotificationServiceProvider, class com.almasb.fxgl.achievement.AchievementService, class com.almasb.fxgl.cutscene.CutsceneService, class com.almasb.fxgl.minigames.MiniGameService, class com.almasb.fxgl.net.NetService, class com.almasb.fxgl.app.services.UpdaterService, class com.almasb.fxgl.dev.DevService]
10:19:28.584 [FXGL Background Thread 3 ] DEBUG Engine               - fontGame: Abel-Regular.ttf
10:19:28.584 [FXGL Background Thread 3 ] DEBUG Engine               - fontMono: TerminalLandMono-Regular.otf
10:19:28.584 [FXGL Background Thread 3 ] DEBUG Engine               - fontSizeScaleUI: 1.0
10:19:28.584 [FXGL Background Thread 3 ] DEBUG Engine               - fontText: Courier-Prime.ttf
10:19:28.584 [FXGL Background Thread 3 ] DEBUG Engine               - fontUI: VarelaRound-Regular.ttf
10:19:28.584 [FXGL Background Thread 3 ] DEBUG Engine               - fullScreen: BooleanProperty [value: false]
10:19:28.584 [FXGL Background Thread 3 ] DEBUG Engine               - gameDifficulty: MEDIUM
10:19:28.584 [FXGL Background Thread 3 ] DEBUG Engine               - gameDifficultyProperty: ObjectProperty [value: MEDIUM]
10:19:28.584 [FXGL Background Thread 3 ] DEBUG Engine               - globalMusicVolume: 0.5
10:19:28.584 [FXGL Background Thread 3 ] DEBUG Engine               - globalMusicVolumeProperty: DoubleProperty [value: 0.5]
10:19:28.584 [FXGL Background Thread 3 ] DEBUG Engine               - globalSoundVolume: 0.5
10:19:28.584 [FXGL Background Thread 3 ] DEBUG Engine               - globalSoundVolumeProperty: DoubleProperty [value: 0.5]
10:19:28.585 [FXGL Background Thread 3 ] DEBUG Engine               - height: 600
10:19:28.585 [FXGL Background Thread 3 ] DEBUG Engine               - is3D: false
10:19:28.585 [FXGL Background Thread 3 ] DEBUG Engine               - isAndroid: false
10:19:28.585 [FXGL Background Thread 3 ] DEBUG Engine               - isBrowser: false
10:19:28.585 [FXGL Background Thread 3 ] DEBUG Engine               - isClickFeedbackEnabled: false
10:19:28.585 [FXGL Background Thread 3 ] DEBUG Engine               - isCloseConfirmation: false
10:19:28.585 [FXGL Background Thread 3 ] DEBUG Engine               - isDesktop: true
10:19:28.585 [FXGL Background Thread 3 ] DEBUG Engine               - isDeveloperMenuEnabled: false
10:19:28.585 [FXGL Background Thread 3 ] DEBUG Engine               - isEmbedded: false
10:19:28.585 [FXGL Background Thread 3 ] DEBUG Engine               - isEntityPreloadEnabled: true
10:19:28.585 [FXGL Background Thread 3 ] DEBUG Engine               - isExperimentalTiledLargeMap: false
10:19:28.585 [FXGL Background Thread 3 ] DEBUG Engine               - isFileSystemWriteAllowed: true
10:19:28.585 [FXGL Background Thread 3 ] DEBUG Engine               - isFullScreenAllowed: false
10:19:28.586 [FXGL Background Thread 3 ] DEBUG Engine               - isFullScreenFromStart: false
10:19:28.586 [FXGL Background Thread 3 ] DEBUG Engine               - isGameMenuEnabled: true
10:19:28.586 [FXGL Background Thread 3 ] DEBUG Engine               - isIOS: false
10:19:28.586 [FXGL Background Thread 3 ] DEBUG Engine               - isIntroEnabled: false
10:19:28.586 [FXGL Background Thread 3 ] DEBUG Engine               - isLinux: true
10:19:28.586 [FXGL Background Thread 3 ] DEBUG Engine               - isMac: false
10:19:28.586 [FXGL Background Thread 3 ] DEBUG Engine               - isMainMenuEnabled: false
10:19:28.586 [FXGL Background Thread 3 ] DEBUG Engine               - isManualResizeEnabled: false
10:19:28.586 [FXGL Background Thread 3 ] DEBUG Engine               - isMobile: false
10:19:28.586 [FXGL Background Thread 3 ] DEBUG Engine               - isNative: false
10:19:28.586 [FXGL Background Thread 3 ] DEBUG Engine               - isPauseMusicWhenMinimized: true
10:19:28.586 [FXGL Background Thread 3 ] DEBUG Engine               - isPreserveResizeRatio: false
10:19:28.586 [FXGL Background Thread 3 ] DEBUG Engine               - isProfilingEnabled: false
10:19:28.586 [FXGL Background Thread 3 ] DEBUG Engine               - isScaleAffectedOnResize: true
10:19:28.586 [FXGL Background Thread 3 ] DEBUG Engine               - isSingleStep: false
10:19:28.586 [FXGL Background Thread 3 ] DEBUG Engine               - isUserProfileEnabled: false
10:19:28.587 [FXGL Background Thread 3 ] DEBUG Engine               - isWindows: false
10:19:28.587 [FXGL Background Thread 3 ] DEBUG Engine               - language: ObjectProperty [value: ENGLISH]
10:19:28.587 [FXGL Background Thread 3 ] DEBUG Engine               - menuKey: ESCAPE
10:19:28.587 [FXGL Background Thread 3 ] DEBUG Engine               - mouseSensitivity: 0.2
10:19:28.587 [FXGL Background Thread 3 ] DEBUG Engine               - notificationViewClass: class com.almasb.fxgl.notification.view.XboxNotificationView
10:19:28.587 [FXGL Background Thread 3 ] DEBUG Engine               - pixelsPerMeter: 50.0
10:19:28.587 [FXGL Background Thread 3 ] DEBUG Engine               - platform: LINUX
10:19:28.587 [FXGL Background Thread 3 ] DEBUG Engine               - prefHeightProperty: ReadOnlyDoubleProperty [value: 600.0]
10:19:28.587 [FXGL Background Thread 3 ] DEBUG Engine               - prefWidthProperty: ReadOnlyDoubleProperty [value: 800.0]
10:19:28.587 [FXGL Background Thread 3 ] DEBUG Engine               - profileDir: profiles/
10:19:28.587 [FXGL Background Thread 3 ] DEBUG Engine               - profileName: StringProperty [value: DEFAULT]
10:19:28.587 [FXGL Background Thread 3 ] DEBUG Engine               - randomSeed: -1
10:19:28.587 [FXGL Background Thread 3 ] DEBUG Engine               - runtimeInfo: RuntimeInfo(platform=LINUX, version=17.3, build=30.03.2023 11.49)
10:19:28.588 [FXGL Background Thread 3 ] DEBUG Engine               - saveFileExt: sav
10:19:28.588 [FXGL Background Thread 3 ] DEBUG Engine               - scaledHeightProp$fxgl: DoubleProperty [bound, value: 565.0]
10:19:28.588 [FXGL Background Thread 3 ] DEBUG Engine               - scaledWidthProp$fxgl: DoubleProperty [bound, value: 800.0]
10:19:28.588 [FXGL Background Thread 3 ] DEBUG Engine               - sceneFactory: com.almasb.fxgl.app.scene.SceneFactory@1f1a22a6
10:19:28.588 [FXGL Background Thread 3 ] DEBUG Engine               - secondsIn24h: 60
10:19:28.588 [FXGL Background Thread 3 ] DEBUG Engine               - soundMenuBack: menu/back.wav
10:19:28.588 [FXGL Background Thread 3 ] DEBUG Engine               - soundMenuPress: menu/press.wav
10:19:28.588 [FXGL Background Thread 3 ] DEBUG Engine               - soundMenuSelect: menu/select.wav
10:19:28.588 [FXGL Background Thread 3 ] DEBUG Engine               - soundNotification: core/notification.wav
10:19:28.588 [FXGL Background Thread 3 ] DEBUG Engine               - stageStyle: DECORATED
10:19:28.588 [FXGL Background Thread 3 ] DEBUG Engine               - supportedLanguages: [ENGLISH, FRENCH, GERMAN, HUNGARIAN, RUSSIAN]
10:19:28.588 [FXGL Background Thread 3 ] DEBUG Engine               - ticksPerSecond: -1
10:19:28.588 [FXGL Background Thread 3 ] DEBUG Engine               - title: Overtale
10:19:28.588 [FXGL Background Thread 3 ] DEBUG Engine               - urlGithub: https://github.com/AlmasB/FXGL
10:19:28.589 [FXGL Background Thread 3 ] DEBUG Engine               - urlLeaderboard: http://fxgl-top.herokuapp.com/
10:19:28.589 [FXGL Background Thread 3 ] DEBUG Engine               - urlPOM: https://raw.githubusercontent.com/AlmasB/FXGL/release/README.md
10:19:28.589 [FXGL Background Thread 3 ] DEBUG Engine               - userAppClass: class at.htl.overtale.GameApp
10:19:28.589 [FXGL Background Thread 3 ] DEBUG Engine               - version: 0.1
10:19:28.589 [FXGL Background Thread 3 ] DEBUG Engine               - versionCheckDays: 7
10:19:28.589 [FXGL Background Thread 3 ] DEBUG Engine               - width: 800
10:19:28.589 [FXGL Background Thread 3 ] DEBUG Engine               - Logging services
10:19:28.589 [FXGL Background Thread 3 ] DEBUG Engine               - class com.almasb.fxgl.app.services.FXGLAssetLoaderService
10:19:28.589 [FXGL Background Thread 3 ] DEBUG Engine               - class com.almasb.fxgl.app.FXGLApplication$GameApplicationService
10:19:28.589 [FXGL Background Thread 3 ] DEBUG Engine               - class com.almasb.fxgl.app.services.FXGLDialogService
10:19:28.589 [FXGL Background Thread 3 ] DEBUG Engine               - class com.almasb.fxgl.app.services.IOTaskExecutorService
10:19:28.589 [FXGL Background Thread 3 ] DEBUG Engine               - class com.almasb.fxgl.io.FileSystemService
10:19:28.589 [FXGL Background Thread 3 ] DEBUG Engine               - class com.almasb.fxgl.localization.LocalizationService
10:19:28.589 [FXGL Background Thread 3 ] DEBUG Engine               - class com.almasb.fxgl.app.services.SystemBundleService
10:19:28.589 [FXGL Background Thread 3 ] DEBUG Engine               - class com.almasb.fxgl.profile.SaveLoadService
10:19:28.589 [FXGL Background Thread 3 ] DEBUG Engine               - class com.almasb.fxgl.ui.FXGLUIFactoryServiceProvider
10:19:28.589 [FXGL Background Thread 3 ] DEBUG Engine               - class com.almasb.fxgl.ui.FXGLDialogFactoryServiceProvider
10:19:28.590 [FXGL Background Thread 3 ] DEBUG Engine               - class com.almasb.fxgl.audio.AudioPlayer
10:19:28.590 [FXGL Background Thread 3 ] DEBUG Engine               - class com.almasb.fxgl.notification.impl.NotificationServiceProvider
10:19:28.590 [FXGL Background Thread 3 ] DEBUG Engine               - class com.almasb.fxgl.achievement.AchievementService
10:19:28.590 [FXGL Background Thread 3 ] DEBUG Engine               - class com.almasb.fxgl.cutscene.CutsceneService
10:19:28.590 [FXGL Background Thread 3 ] DEBUG Engine               - class com.almasb.fxgl.minigames.MiniGameService
10:19:28.590 [FXGL Background Thread 3 ] DEBUG Engine               - class com.almasb.fxgl.net.NetService
10:19:28.590 [FXGL Background Thread 3 ] DEBUG Engine               - class com.almasb.fxgl.app.services.UpdaterService
10:19:28.590 [FXGL Background Thread 3 ] DEBUG Engine               - class com.almasb.fxgl.dev.DevService
10:20:50.953 [JavaFX Application Thread] DEBUG FXGLApplication      - Exiting FXGL
10:20:50.953 [JavaFX Application Thread] DEBUG LoopRunner           - Stopping loop
10:20:50.953 [JavaFX Application Thread] DEBUG SystemBundleService  - Saving FXGL system data
10:20:50.954 [JavaFX Application Thread] DEBUG FileSystemAccess     - Writing to: /home/raphi/Documents/JavaWorkspace/Overtale/system/fxgl.bundle
10:20:50.956 [JavaFX Application Thread] DEBUG Async                - Shutting down background threads
10:20:50.956 [JavaFX Application Thread] DEBUG PrimaryStageWindow   - Closing main window
10:20:50.957 [JavaFX Application Thread] DEBUG Logger               - Closing Logger
